Reading file /home/iiitb/Documents/Veerendra/caravel_user_project/gds/user_project_wrapper.gds for cell user_project_wrapper
dbu=0.001
cell user_project_wrapper dbu-bbox(ll;ur)=(-43630,-38270;2963250,3557950)
cell user_project_wrapper dbu-bbox(left,bottom,right,top)=(-43630,-38270,2963250,3557950)
cell user_project_wrapper dbu-size(width,height)=(3006880,3596220)
cell user_project_wrapper micron-bbox(left,bottom,right,top)=(-43.63,-38.27,2963.25,3557.9500000000003)
cell user_project_wrapper micron-size(width,height)=(3006.88,3596.2200000000003)
Done.

Magic 8.3 revision 274 - Compiled on Fri Mar  4 22:54:15 UTC 2022.
Starting magic under Tcl interpreter
Using the terminal as the console.
Using NULL graphics device.
Processing system .magicrc file
Sourcing design .magicrc for technology sky130A ...
2 Magic internal units = 1 Lambda
Input style sky130(vendor): scaleFactor=2, multiplier=2
The following types are not handled by extraction and will be treated as non-electrical types:
    mvobsactive ubm 
Scaled tech values by 2 / 1 to match internal grid scaling
Loading sky130A Device Generator Menu ...
Loading "/home/iiitb/mpw_precheck/checks/xor_check/erase_box.tcl" from command line.
CIF input style is now "sky130(vendor)"
Warning: Calma reading is not undoable!  I hope that's OK.
Library written using GDS-II Release 3.0
Library name: user_project_wrapper
Reading "sky130_fd_sc_hd__decap_12".
Reading "sky130_fd_sc_hd__fill_2".
Reading "sky130_fd_sc_hd__decap_4".
Reading "sky130_fd_sc_hd__decap_8".
Reading "sky130_fd_sc_hd__decap_3".
Reading "sky130_fd_sc_hd__conb_1".
Reading "sky130_fd_sc_hd__tapvpwrvgnd_1".
Reading "sky130_fd_sc_hd__fill_1".
Reading "sky130_fd_sc_hd__decap_6".
Reading "sky130_fd_sc_hd__and2b_1".
Reading "sky130_fd_sc_hd__xor2_1".
Reading "sky130_fd_sc_hd__a21o_1".
Reading "sky130_fd_sc_hd__and3_1".
Reading "sky130_fd_sc_hd__or2b_1".
Reading "sky130_fd_sc_hd__xnor2_1".
Reading "sky130_fd_sc_hd__dfxtp_4".
Reading "sky130_fd_sc_hd__diode_2".
Reading "sky130_fd_sc_hd__a21oi_1".
Reading "sky130_fd_sc_hd__nand2_1".
Reading "sky130_fd_sc_hd__a211o_1".
Reading "sky130_fd_sc_hd__o211ai_2".
Reading "sky130_fd_sc_hd__nor2_1".
Reading "sky130_fd_sc_hd__or4bb_4".
Reading "sky130_fd_sc_hd__dfxtp_2".
Reading "sky130_fd_sc_hd__nand3_2".
Reading "sky130_fd_sc_hd__a2bb2o_1".
Reading "sky130_fd_sc_hd__nand3_1".
Reading "sky130_fd_sc_hd__and2_1".
Reading "sky130_fd_sc_hd__o21ba_1".
Reading "sky130_fd_sc_hd__or2_1".
Reading "sky130_fd_sc_hd__xnor2_2".
Reading "sky130_fd_sc_hd__a21bo_1".
Reading "sky130_fd_sc_hd__o211a_1".
Reading "sky130_fd_sc_hd__a211oi_1".
Reading "sky130_fd_sc_hd__or2_2".
Reading "sky130_fd_sc_hd__nand3b_2".
Reading "sky130_fd_sc_hd__xor2_2".
Reading "sky130_fd_sc_hd__nor4_2".
Reading "sky130_fd_sc_hd__o21ai_2".
Reading "sky130_fd_sc_hd__nand2_2".
Reading "sky130_fd_sc_hd__o22a_1".
Reading "sky130_fd_sc_hd__or3b_2".
Reading "sky130_fd_sc_hd__o21bai_1".
Reading "sky130_fd_sc_hd__o21a_1".
Reading "sky130_fd_sc_hd__inv_2".
Reading "sky130_fd_sc_hd__o21ai_1".
Reading "sky130_fd_sc_hd__mux2_1".
Reading "sky130_fd_sc_hd__a31o_1".
Reading "sky130_fd_sc_hd__a21oi_2".
Reading "sky130_fd_sc_hd__nand3b_1".
Reading "sky130_fd_sc_hd__xor2_4".
Reading "sky130_fd_sc_hd__buf_2".
Reading "sky130_fd_sc_hd__and3_2".
Reading "sky130_fd_sc_hd__clkbuf_8".
Reading "sky130_fd_sc_hd__nand4_4".
Reading "sky130_fd_sc_hd__a32o_2".
Reading "sky130_fd_sc_hd__a22o_1".
Reading "sky130_fd_sc_hd__nor3_1".
Reading "sky130_fd_sc_hd__nand2_4".
Reading "sky130_fd_sc_hd__nand3_4".
Reading "sky130_fd_sc_hd__or3_1".
Reading "sky130_fd_sc_hd__nor2_2".
Reading "sky130_fd_sc_hd__clkdlybuf4s25_1".
Reading "sky130_fd_sc_hd__dfxtp_1".
Reading "sky130_fd_sc_hd__o21a_2".
Reading "sky130_fd_sc_hd__buf_4".
Reading "sky130_fd_sc_hd__clkbuf_1".
Reading "sky130_fd_sc_hd__mux2_2".
Reading "sky130_fd_sc_hd__and4_1".
Reading "sky130_fd_sc_hd__a22oi_1".
Reading "sky130_fd_sc_hd__o2bb2a_1".
Reading "sky130_fd_sc_hd__a31o_2".
Reading "sky130_fd_sc_hd__a21o_2".
Reading "sky130_fd_sc_hd__xnor2_4".
Reading "sky130_fd_sc_hd__buf_6".
Reading "sky130_fd_sc_hd__buf_12".
Reading "sky130_fd_sc_hd__buf_8".
Reading "sky130_fd_sc_hd__o21bai_2".
Reading "sky130_fd_sc_hd__and3b_2".
Reading "sky130_fd_sc_hd__a22o_2".
Reading "sky130_fd_sc_hd__o32a_1".
Reading "sky130_fd_sc_hd__a21oi_4".
Reading "sky130_fd_sc_hd__and2b_2".
Reading "sky130_fd_sc_hd__clkbuf_4".
Reading "sky130_fd_sc_hd__nor2_4".
Reading "sky130_fd_sc_hd__mux2_8".
Reading "sky130_fd_sc_hd__clkinv_4".
Reading "sky130_fd_sc_hd__clkbuf_2".
Reading "sky130_fd_sc_hd__clkinv_2".
Reading "sky130_fd_sc_hd__a21boi_4".
Reading "sky130_fd_sc_hd__nand4_2".
Reading "sky130_fd_sc_hd__a22o_4".
Reading "sky130_fd_sc_hd__o21ba_2".
Reading "sky130_fd_sc_hd__nand2_8".
Reading "sky130_fd_sc_hd__and3_4".
Reading "sky130_fd_sc_hd__nor4_4".
Reading "sky130_fd_sc_hd__a2bb2o_2".
Reading "sky130_fd_sc_hd__or3b_4".
Reading "sky130_fd_sc_hd__or4bb_2".
Reading "sky130_fd_sc_hd__o31a_1".
Reading "sky130_fd_sc_hd__o2bb2a_2".
Reading "sky130_fd_sc_hd__and4_4".
Reading "sky130_fd_sc_hd__clkbuf_16".
Reading "sky130_fd_sc_hd__or2_4".
Reading "sky130_fd_sc_hd__a31o_4".
Reading "sky130_fd_sc_hd__o21ai_4".
Reading "sky130_fd_sc_hd__o22ai_2".
Reading "sky130_fd_sc_hd__nor2_8".
Reading "sky130_fd_sc_hd__or4_2".
Reading "sky130_fd_sc_hd__o211a_2".
Reading "sky130_fd_sc_hd__a22oi_4".
Reading "sky130_fd_sc_hd__and2_4".
Reading "sky130_fd_sc_hd__nand4_1".
Reading "sky130_fd_sc_hd__and2_2".
Reading "sky130_fd_sc_hd__a32o_1".
Reading "sky130_fd_sc_hd__a22oi_2".
Reading "sky130_fd_sc_hd__a21boi_2".
Reading "sky130_fd_sc_hd__a21boi_1".
Reading "sky130_fd_sc_hd__o22ai_4".
Reading "sky130_fd_sc_hd__o211ai_1".
Reading "sky130_fd_sc_hd__dlymetal6s2s_1".
Reading "sky130_fd_sc_hd__and4_2".
Reading "sky130_fd_sc_hd__or2b_2".
Reading "sky130_fd_sc_hd__clkdlybuf4s50_1".
Reading "sky130_fd_sc_hd__a21o_4".
Reading "sky130_fd_sc_hd__or3_2".
Reading "sky130_fd_sc_hd__or4_1".
Reading "sky130_fd_sc_hd__and4bb_1".
Reading "sky130_fd_sc_hd__a21bo_2".
Reading "sky130_fd_sc_hd__a31oi_4".
Reading "sky130_fd_sc_hd__and2b_4".
Reading "sky130_fd_sc_hd__a32o_4".
Reading "sky130_fd_sc_hd__nand3b_4".
Reading "sky130_fd_sc_hd__o31ai_2".
Reading "sky130_fd_sc_hd__inv_6".
Reading "sky130_fd_sc_hd__o211a_4".
Reading "sky130_fd_sc_hd__clkinv_8".
Reading "sky130_fd_sc_hd__nor3b_1".
Reading "sky130_fd_sc_hd__o21bai_4".
Reading "sky130_fd_sc_hd__or3b_1".
Reading "sky130_fd_sc_hd__nor3b_2".
Reading "sky130_fd_sc_hd__o32a_2".
Reading "sky130_fd_sc_hd__or2b_4".
Reading "user_proj_example".
    5000 uses
    10000 uses
    15000 uses
    20000 uses
    25000 uses
    30000 uses
    35000 uses
    40000 uses
    45000 uses
    50000 uses
    55000 uses
    60000 uses
    65000 uses
    70000 uses
    75000 uses
    80000 uses
Reading "user_project_wrapper".
Root cell box:
           width x height  (   llx,  lly  ), (   urx,  ury  )  area (units^2)

microns:  42.880 x 3520.000  (-42.880,  0.000), ( 0.000,  3520.000)  150937.594
lambda:   4288.00 x 352000.00  (-4288.00,  0.00 ), (  0.00,  352000.00)  1509376000.00
internal:   8576 x 704000  ( -8576,  0    ), (     0,  704000)  6037504000
Root cell box:
           width x height  (   llx,  lly  ), (   urx,  ury  )  area (units^2)

microns:  42.500 x 3520.000  ( 2920.000,  0.000), ( 2962.500,  3520.000)  149600.000
lambda:   4250.00 x 352000.00  ( 292000.00,  0.00 ), ( 296250.00,  352000.00)  1496000000.00
internal:   8500 x 704000  ( 584000,  0    ), ( 592500,  704000)  5984000000
Root cell box:
           width x height  (   llx,  lly  ), (   urx,  ury  )  area (units^2)

microns:  3005.380 x 37.530  (-42.880, -37.530), ( 2962.500,  0.000)  112791.906
lambda:   300538.00 x 3753.00  (-4288.00, -3753.00), ( 296250.00,  0.00 )  1127919104.00
internal: 601076 x 7506    ( -8576, -7506 ), ( 592500,  0    )  4511676456
Root cell box:
           width x height  (   llx,  lly  ), (   urx,  ury  )  area (units^2)

microns:  3005.380 x 37.210  (-42.880,  3520.000), ( 2962.500,  3557.210)  111830.188
lambda:   300538.00 x 3721.00  (-4288.00,  352000.00), ( 296250.00,  355721.00)  1118301952.00
internal: 601076 x 7442    ( -8576,  704000), ( 592500,  711442)  4473207592
   Generating output for cell xor_target

Magic 8.3 revision 274 - Compiled on Fri Mar  4 22:54:15 UTC 2022.
Starting magic under Tcl interpreter
Using the terminal as the console.
Using NULL graphics device.
Processing system .magicrc file
Sourcing design .magicrc for technology sky130A ...
2 Magic internal units = 1 Lambda
Input style sky130(vendor): scaleFactor=2, multiplier=2
The following types are not handled by extraction and will be treated as non-electrical types:
    mvobsactive ubm 
Scaled tech values by 2 / 1 to match internal grid scaling
Loading sky130A Device Generator Menu ...
Loading "/home/iiitb/mpw_precheck/checks/xor_check/erase_box.tcl" from command line.
CIF input style is now "sky130(vendor)"
Warning: Calma reading is not undoable!  I hope that's OK.
Library written using GDS-II Release 3.0
Library name: user_project_wrapper
Reading "user_project_wrapper".
Root cell box:
           width x height  (   llx,  lly  ), (   urx,  ury  )  area (units^2)

microns:  42.880 x 3520.000  (-42.880,  0.000), ( 0.000,  3520.000)  150937.594
lambda:   4288.00 x 352000.00  (-4288.00,  0.00 ), (  0.00,  352000.00)  1509376000.00
internal:   8576 x 704000  ( -8576,  0    ), (     0,  704000)  6037504000
Root cell box:
           width x height  (   llx,  lly  ), (   urx,  ury  )  area (units^2)

microns:  42.500 x 3520.000  ( 2920.000,  0.000), ( 2962.500,  3520.000)  149600.000
lambda:   4250.00 x 352000.00  ( 292000.00,  0.00 ), ( 296250.00,  352000.00)  1496000000.00
internal:   8500 x 704000  ( 584000,  0    ), ( 592500,  704000)  5984000000
Root cell box:
           width x height  (   llx,  lly  ), (   urx,  ury  )  area (units^2)

microns:  3005.380 x 37.530  (-42.880, -37.530), ( 2962.500,  0.000)  112791.906
lambda:   300538.00 x 3753.00  (-4288.00, -3753.00), ( 296250.00,  0.00 )  1127919104.00
internal: 601076 x 7506    ( -8576, -7506 ), ( 592500,  0    )  4511676456
Root cell box:
           width x height  (   llx,  lly  ), (   urx,  ury  )  area (units^2)

microns:  3005.380 x 37.210  (-42.880,  3520.000), ( 2962.500,  3557.210)  111830.188
lambda:   300538.00 x 3721.00  (-4288.00,  352000.00), ( 296250.00,  355721.00)  1118301952.00
internal: 601076 x 7442    ( -8576,  704000), ( 592500,  711442)  4473207592
   Generating output for cell xor_target
Reading /home/iiitb/Documents/Veerendra/caravel_user_project/precheck_results/19_MAR_2022___14_07_46/outputs/user_project_wrapper_erased.gds ..
Reading /home/iiitb/Documents/Veerendra/caravel_user_project/precheck_results/19_MAR_2022___14_07_46/outputs/user_project_wrapper_empty_erased.gds ..
--- Running XOR for 69/20 ---
"input" in: xor.rb.drc:39
    Polygons (raw): 530 (flat)  530 (hierarchical)
    Elapsed: 0.010s  Memory: 521.00M
"input" in: xor.rb.drc:39
    Polygons (raw): 530 (flat)  530 (hierarchical)
    Elapsed: 0.000s  Memory: 521.00M
"^" in: xor.rb.drc:39
    Polygons (raw): 0 (flat)  0 (hierarchical)
    Elapsed: 0.010s  Memory: 521.00M
XOR differences: 0
"output" in: xor.rb.drc:43
    Polygons (raw): 0 (flat)  0 (hierarchical)
    Elapsed: 0.010s  Memory: 521.00M
--- Running XOR for 70/20 ---
"input" in: xor.rb.drc:39
    Polygons (raw): 107 (flat)  107 (hierarchical)
    Elapsed: 0.000s  Memory: 521.00M
"input" in: xor.rb.drc:39
    Polygons (raw): 107 (flat)  107 (hierarchical)
    Elapsed: 0.000s  Memory: 521.00M
"^" in: xor.rb.drc:39
    Polygons (raw): 0 (flat)  0 (hierarchical)
    Elapsed: 0.010s  Memory: 521.00M
XOR differences: 0
"output" in: xor.rb.drc:43
    Polygons (raw): 0 (flat)  0 (hierarchical)
    Elapsed: 0.000s  Memory: 521.00M
--- Running XOR for 71/20 ---
"input" in: xor.rb.drc:39
    Polygons (raw): 16 (flat)  16 (hierarchical)
    Elapsed: 0.000s  Memory: 521.00M
"input" in: xor.rb.drc:39
    Polygons (raw): 16 (flat)  16 (hierarchical)
    Elapsed: 0.010s  Memory: 521.00M
"^" in: xor.rb.drc:39
    Polygons (raw): 0 (flat)  0 (hierarchical)
    Elapsed: 0.000s  Memory: 521.00M
XOR differences: 0
"output" in: xor.rb.drc:43
    Polygons (raw): 0 (flat)  0 (hierarchical)
    Elapsed: 0.000s  Memory: 521.00M
--- Running XOR for 71/44 ---
"input" in: xor.rb.drc:39
    Polygons (raw): 116 (flat)  116 (hierarchical)
    Elapsed: 0.010s  Memory: 521.00M
"input" in: xor.rb.drc:39
    Polygons (raw): 116 (flat)  116 (hierarchical)
    Elapsed: 0.000s  Memory: 521.00M
"^" in: xor.rb.drc:39
    Polygons (raw): 0 (flat)  0 (hierarchical)
    Elapsed: 0.010s  Memory: 521.00M
XOR differences: 0
"output" in: xor.rb.drc:43
    Polygons (raw): 0 (flat)  0 (hierarchical)
    Elapsed: 0.000s  Memory: 521.00M
--- Running XOR for 72/20 ---
"input" in: xor.rb.drc:39
    Polygons (raw): 16 (flat)  16 (hierarchical)
    Elapsed: 0.000s  Memory: 521.00M
"input" in: xor.rb.drc:39
    Polygons (raw): 16 (flat)  16 (hierarchical)
    Elapsed: 0.010s  Memory: 521.00M
"^" in: xor.rb.drc:39
    Polygons (raw): 0 (flat)  0 (hierarchical)
    Elapsed: 0.000s  Memory: 521.00M
XOR differences: 0
"output" in: xor.rb.drc:43
    Polygons (raw): 0 (flat)  0 (hierarchical)
    Elapsed: 0.010s  Memory: 521.00M
--- Running XOR for 81/14 ---
"input" in: xor.rb.drc:39
    Polygons (raw): 1 (flat)  1 (hierarchical)
    Elapsed: 0.000s  Memory: 521.00M
"input" in: xor.rb.drc:39
    Polygons (raw): 1 (flat)  1 (hierarchical)
    Elapsed: 0.000s  Memory: 521.00M
"^" in: xor.rb.drc:39
    Polygons (raw): 0 (flat)  0 (hierarchical)
    Elapsed: 0.010s  Memory: 521.00M
XOR differences: 0
"output" in: xor.rb.drc:43
    Polygons (raw): 0 (flat)  0 (hierarchical)
    Elapsed: 0.000s  Memory: 521.00M
Writing layout file: /home/iiitb/Documents/Veerendra/caravel_user_project/precheck_results/19_MAR_2022___14_07_46/outputs/user_project_wrapper.xor.gds ..
Total elapsed: 0.100s  Memory: 521.00M
