2022-03-19 14:01:31 - [INFO] - {{EXTRACTING FILES}} Extracting compressed files in: /home/iiitb/Documents/Veerendra/caravel_user_project
2022-03-19 14:01:31 - [INFO] - {{Project Type Info}} digital
2022-03-19 14:01:31 - [INFO] - {{Project GDS Info}} user_project_wrapper: c7cc33c8223c45f3202fbbd08642c98669cbd340
2022-03-19 14:01:32 - [INFO] - {{Tools Info}} KLayout: v0.27.8 | Magic: v8.3.274
2022-03-19 14:01:32 - [INFO] - {{PDKs Info}} Open PDKs: 7519dfb04400f224f140749cda44ee7de6f5e095 | Skywater PDK: c094b6e83a4f9298e47f696ec5a7fd53535ec5eb
2022-03-19 14:01:32 - [INFO] - {{START}} Precheck Started, the full log 'precheck.log' will be located in '/home/iiitb/Documents/Veerendra/caravel_user_project/precheck_results/19_MAR_2022___14_01_31/logs'
2022-03-19 14:01:32 - [INFO] - {{PRECHECK SEQUENCE}} Precheck will run the following checks: [License, Makefile, Default, Documentation, Consistency, XOR, Magic DRC, Klayout FEOL, Klayout BEOL, Klayout Offgrid, Klayout Metal Minimum Clear Area Density, Klayout Pin Label Purposes Overlapping Drawing, Klayout ZeroArea]
2022-03-19 14:01:32 - [INFO] - {{STEP UPDATE}} Executing Check 1 of 13: License
2022-03-19 14:01:32 - [INFO] - An approved LICENSE (Apache-2.0) was found in /home/iiitb/Documents/Veerendra/caravel_user_project.
2022-03-19 14:01:32 - [INFO] - {{MAIN LICENSE CHECK PASSED}} An approved LICENSE was found in project root.
2022-03-19 14:01:33 - [INFO] - An approved LICENSE (Apache-2.0) was found in /home/iiitb/Documents/Veerendra/caravel_user_project.
2022-03-19 14:01:34 - [INFO] - An approved LICENSE (Apache-2.0) was found in /home/iiitb/Documents/Veerendra/caravel_user_project.
2022-03-19 14:01:34 - [INFO] - An approved LICENSE (Apache-2.0) was found in /home/iiitb/Documents/Veerendra/caravel_user_project.
2022-03-19 14:01:34 - [INFO] - {{SUBMODULES LICENSE CHECK PASSED}} No prohibited LICENSE file(s) was found in project submodules
2022-03-19 14:01:34 - [INFO] - {{SPDX COMPLIANCE CHECK PASSED}} Project is compliant with the SPDX Standard
2022-03-19 14:01:34 - [INFO] - {{STEP UPDATE}} Executing Check 2 of 13: Makefile
2022-03-19 14:01:34 - [INFO] - {{MAKEFILE CHECK PASSED}} Makefile valid.
2022-03-19 14:01:34 - [INFO] - {{STEP UPDATE}} Executing Check 3 of 13: Default
2022-03-19 14:01:34 - [WARNING] - The provided 'README.md' is identical to the default 'README.md'
2022-03-19 14:01:34 - [WARNING] - {{README DEFAULT CHECK FAILED}} Project 'README.md' was not modified and is identical to the default 'README.md'
2022-03-19 14:01:35 - [INFO] - {{CONTENT DEFAULT CHECK PASSED}} Project 'gds' was modified and is not identical to the default 'gds'
2022-03-19 14:01:35 - [INFO] - {{STEP UPDATE}} Executing Check 4 of 13: Documentation
2022-03-19 14:01:35 - [INFO] - {{DOCUMENTATION CHECK PASSED}} Project documentation is appropriate.
2022-03-19 14:01:35 - [INFO] - {{STEP UPDATE}} Executing Check 5 of 13: Consistency
2022-03-19 14:01:39 - [INFO] - HIERARCHY CHECK PASSED: Module user_project_wrapper is instantiated in caravel. 
2022-03-19 14:01:39 - [INFO] - COMPLEXITY CHECK PASSED: Netlist caravel contains at least 8 instances (90 instances). 
2022-03-19 14:01:39 - [INFO] - MODELING CHECK PASSED: Netlist caravel is structural.
2022-03-19 14:01:39 - [INFO] - SUBMODULE HOOKS CHECK PASSED: All module ports for user_project_wrapper are correctly connected in the top level netlist caravel.
2022-03-19 14:01:39 - [INFO] - POWER CONNECTIONS CHECK PASSED: All instances in caravel are connected to power
2022-03-19 14:01:39 - [INFO] - {{NETLIST CONSISTENCY CHECK PASSED}} caravel netlist passed all consistency checks.
2022-03-19 14:01:39 - [INFO] - PORTS CHECK PASSED: Netlist user_project_wrapper ports match the golden wrapper ports
2022-03-19 14:01:39 - [INFO] - COMPLEXITY CHECK PASSED: Netlist user_project_wrapper contains at least 1 instances (1 instances). 
2022-03-19 14:01:39 - [INFO] - MODELING CHECK PASSED: Netlist user_project_wrapper is structural.
2022-03-19 14:01:39 - [INFO] - LAYOUT CHECK PASSED: The GDS layout for user_project_wrapper matches the provided structural netlist.
2022-03-19 14:01:39 - [INFO] - POWER CONNECTIONS CHECK PASSED: All instances in user_project_wrapper are connected to power
2022-03-19 14:01:39 - [INFO] - PORT TYPES CHECK PASSED: Netlist user_project_wrapper port types match the golden wrapper port types.
2022-03-19 14:01:39 - [INFO] - {{NETLIST CONSISTENCY CHECK PASSED}} user_project_wrapper netlist passed all consistency checks.
2022-03-19 14:01:39 - [INFO] - {{CONSISTENCY CHECK PASSED}} The user netlist and the top netlist are valid.
2022-03-19 14:01:39 - [INFO] - {{STEP UPDATE}} Executing Check 6 of 13: XOR
2022-03-19 14:01:46 - [INFO] - {{XOR CHECK UPDATE}} Total XOR differences: 0, for more details view /home/iiitb/Documents/Veerendra/caravel_user_project/precheck_results/19_MAR_2022___14_01_31/outputs/user_project_wrapper.xor.gds
2022-03-19 14:01:46 - [INFO] - {{XOR CHECK PASSED}} The GDS file has no XOR violations.
2022-03-19 14:01:46 - [INFO] - {{STEP UPDATE}} Executing Check 7 of 13: Magic DRC
2022-03-19 14:03:41 - [INFO] - 0 DRC violations
2022-03-19 14:03:41 - [INFO] - {{MAGIC DRC CHECK PASSED}} The GDS file, user_project_wrapper.gds, has no DRC violations.
2022-03-19 14:03:41 - [INFO] - {{STEP UPDATE}} Executing Check 8 of 13: Klayout FEOL
2022-03-19 14:03:56 - [INFO] - No DRC Violations found
2022-03-19 14:03:56 - [INFO] - {{Klayout FEOL CHECK PASSED}} The GDS file, user_project_wrapper.gds, has no DRC violations.
2022-03-19 14:03:56 - [INFO] - {{STEP UPDATE}} Executing Check 9 of 13: Klayout BEOL
2022-03-19 14:05:59 - [INFO] - No DRC Violations found
2022-03-19 14:05:59 - [INFO] - {{Klayout BEOL CHECK PASSED}} The GDS file, user_project_wrapper.gds, has no DRC violations.
2022-03-19 14:05:59 - [INFO] - {{STEP UPDATE}} Executing Check 10 of 13: Klayout Offgrid
2022-03-19 14:06:21 - [INFO] - No DRC Violations found
2022-03-19 14:06:21 - [INFO] - {{Klayout Offgrid CHECK PASSED}} The GDS file, user_project_wrapper.gds, has no DRC violations.
2022-03-19 14:06:21 - [INFO] - {{STEP UPDATE}} Executing Check 11 of 13: Klayout Metal Minimum Clear Area Density
2022-03-19 14:06:28 - [INFO] - No DRC Violations found
2022-03-19 14:06:28 - [INFO] - {{Klayout Metal Minimum Clear Area Density CHECK PASSED}} The GDS file, user_project_wrapper.gds, has no DRC violations.
2022-03-19 14:06:28 - [INFO] - {{STEP UPDATE}} Executing Check 12 of 13: Klayout Pin Label Purposes Overlapping Drawing
2022-03-19 14:06:33 - [INFO] - No DRC Violations found
2022-03-19 14:06:33 - [INFO] - {{Klayout Pin Label Purposes Overlapping Drawing CHECK PASSED}} The GDS file, user_project_wrapper.gds, has no DRC violations.
2022-03-19 14:06:33 - [INFO] - {{STEP UPDATE}} Executing Check 13 of 13: Klayout ZeroArea
2022-03-19 14:06:34 - [INFO] - No DRC Violations found
2022-03-19 14:06:34 - [INFO] - {{Klayout ZeroArea CHECK PASSED}} The GDS file, user_project_wrapper.gds, has no DRC violations.
2022-03-19 14:06:34 - [INFO] - {{FINISH}} Executing Finished, the full log 'precheck.log' can be found in '/home/iiitb/Documents/Veerendra/caravel_user_project/precheck_results/19_MAR_2022___14_01_31/logs'
2022-03-19 14:06:34 - [CRITICAL] - {{FAILURE}} 1 Check(s) Failed: ['Default'] !!!
