#! /usr/bin/vvp
:ivl_version "10.3 (stable)";
:ivl_delay_selection "TYPICAL";
:vpi_time_precision + 0;
:vpi_module "system";
:vpi_module "vhdl_sys";
:vpi_module "v2005_math";
:vpi_module "va_math";
S_0x55b97112db90 .scope module, "user_proj_example" "user_proj_example" 2 38;
 .timescale 0 0;
    .port_info 0 /INPUT 1 "wb_clk_i"
    .port_info 1 /INPUT 1 "wb_rst_i"
    .port_info 2 /INPUT 1 "wbs_stb_i"
    .port_info 3 /INPUT 1 "wbs_cyc_i"
    .port_info 4 /INPUT 1 "wbs_we_i"
    .port_info 5 /INPUT 4 "wbs_sel_i"
    .port_info 6 /INPUT 32 "wbs_dat_i"
    .port_info 7 /INPUT 32 "wbs_adr_i"
    .port_info 8 /OUTPUT 1 "wbs_ack_o"
    .port_info 9 /OUTPUT 32 "wbs_dat_o"
    .port_info 10 /INPUT 128 "la_data_in"
    .port_info 11 /OUTPUT 128 "la_data_out"
    .port_info 12 /INPUT 128 "la_oenb"
    .port_info 13 /INPUT 2 "io_in"
    .port_info 14 /OUTPUT 2 "io_out"
    .port_info 15 /OUTPUT 2 "io_oeb"
    .port_info 16 /OUTPUT 3 "irq"
P_0x55b9710e6ef0 .param/l "BITS" 0 2 39, +C4<00000000000000000000000000100000>;
o0x7fd625ee59d8 .functor BUFZ 1, C4<z>; HiZ drive
L_0x55b97107b550 .functor BUFZ 1, o0x7fd625ee59d8, C4<0>, C4<0>, C4<0>;
L_0x55b9710ba670 .functor BUFZ 8, L_0x55b971166dd0, C4<00000000>, C4<00000000>, C4<00000000>;
L_0x55b9710ba3c0 .functor BUFZ 8, L_0x55b971166ef0, C4<00000000>, C4<00000000>, C4<00000000>;
L_0x55b9710ba780 .functor BUFZ 8, L_0x55b971166f80, C4<00000000>, C4<00000000>, C4<00000000>;
L_0x55b9710e7390 .functor BUFZ 8, L_0x55b971167140, C4<00000000>, C4<00000000>, C4<00000000>;
L_0x55b9710e45d0 .functor BUFZ 8, L_0x55b9711671d0, C4<00000000>, C4<00000000>, C4<00000000>;
v0x55b971163f90_0 .net *"_s11", 7 0, L_0x55b9710ba3c0;  1 drivers
v0x55b971164090_0 .net *"_s15", 7 0, L_0x55b9710ba780;  1 drivers
v0x55b971164170_0 .net *"_s19", 7 0, L_0x55b9710e7390;  1 drivers
v0x55b971164230_0 .net *"_s23", 7 0, L_0x55b9710e45d0;  1 drivers
L_0x7fd625e99018 .functor BUFT 1, C4<zzzzzzzz>, C4<0>, C4<0>, C4<0>;
v0x55b971164310_0 .net *"_s26", 7 0, L_0x7fd625e99018;  1 drivers
o0x7fd625ee5828 .functor BUFZ 80, C4<zzzzzzzzzzzzzzzzzzzzzzzzzzzzzzzzzzzzzzzzzzzzzzzzzzzzzzzzzzzzzzzzzzzzzzzzzzzzzzzz>; HiZ drive
; Elide local net with no drivers, v0x55b971164440_0 name=_s28
v0x55b971164520_0 .net *"_s7", 7 0, L_0x55b9710ba670;  1 drivers
v0x55b971164600_0 .net "clk", 0 0, L_0x55b97107b550;  1 drivers
v0x55b9711646a0_0 .net "in_data", 7 0, L_0x55b971165ed0;  1 drivers
o0x7fd625ee5888 .functor BUFZ 2, C4<zz>; HiZ drive
v0x55b971164970_0 .net "io_in", -1 0, o0x7fd625ee5888;  0 drivers
o0x7fd625ee58b8 .functor BUFZ 2, C4<zz>; HiZ drive
v0x55b971164a50_0 .net "io_oeb", -1 0, o0x7fd625ee58b8;  0 drivers
o0x7fd625ee58e8 .functor BUFZ 2, C4<zz>; HiZ drive
v0x55b971164b30_0 .net "io_out", -1 0, o0x7fd625ee58e8;  0 drivers
o0x7fd625ee5918 .functor BUFZ 3, C4<zzz>; HiZ drive
v0x55b971164c10_0 .net "irq", 2 0, o0x7fd625ee5918;  0 drivers
o0x7fd625ee5948 .functor BUFZ 128, C4<zzzzzzzzzzzzzzzzzzzzzzzzzzzzzzzzzzzzzzzzzzzzzzzzzzzzzzzzzzzzzzzzzzzzzzzzzzzzzzzzzzzzzzzzzzzzzzzzzzzzzzzzzzzzzzzzzzzzzzzzzzzzzzzz>; HiZ drive
v0x55b971164cf0_0 .net "la_data_in", 127 0, o0x7fd625ee5948;  0 drivers
v0x55b971164dd0_0 .net "la_data_out", 127 0, L_0x55b9711670a0;  1 drivers
o0x7fd625ee59a8 .functor BUFZ 128, C4<zzzzzzzzzzzzzzzzzzzzzzzzzzzzzzzzzzzzzzzzzzzzzzzzzzzzzzzzzzzzzzzzzzzzzzzzzzzzzzzzzzzzzzzzzzzzzzzzzzzzzzzzzzzzzzzzzzzzzzzzzzzzzzzz>; HiZ drive
v0x55b971164eb0_0 .net "la_oenb", 127 0, o0x7fd625ee59a8;  0 drivers
v0x55b971164f90_0 .net "out1", 7 0, L_0x55b971166dd0;  1 drivers
v0x55b971165050_0 .net "out2", 7 0, L_0x55b971166ef0;  1 drivers
v0x55b971165160_0 .net "out3", 7 0, L_0x55b971166f80;  1 drivers
v0x55b971165270_0 .net "out4", 7 0, L_0x55b971167140;  1 drivers
v0x55b971165380_0 .net "out5", 7 0, L_0x55b9711671d0;  1 drivers
v0x55b971165490_0 .net "wb_clk_i", 0 0, o0x7fd625ee59d8;  0 drivers
o0x7fd625ee5a08 .functor BUFZ 1, C4<z>; HiZ drive
v0x55b971165550_0 .net "wb_rst_i", 0 0, o0x7fd625ee5a08;  0 drivers
o0x7fd625ee5a38 .functor BUFZ 1, C4<z>; HiZ drive
v0x55b971165610_0 .net "wbs_ack_o", 0 0, o0x7fd625ee5a38;  0 drivers
o0x7fd625ee5a68 .functor BUFZ 32, C4<zzzzzzzzzzzzzzzzzzzzzzzzzzzzzzzz>; HiZ drive
v0x55b9711656d0_0 .net "wbs_adr_i", 31 0, o0x7fd625ee5a68;  0 drivers
o0x7fd625ee5a98 .functor BUFZ 1, C4<z>; HiZ drive
v0x55b9711657b0_0 .net "wbs_cyc_i", 0 0, o0x7fd625ee5a98;  0 drivers
o0x7fd625ee5ac8 .functor BUFZ 32, C4<zzzzzzzzzzzzzzzzzzzzzzzzzzzzzzzz>; HiZ drive
v0x55b971165870_0 .net "wbs_dat_i", 31 0, o0x7fd625ee5ac8;  0 drivers
o0x7fd625ee5af8 .functor BUFZ 32, C4<zzzzzzzzzzzzzzzzzzzzzzzzzzzzzzzz>; HiZ drive
v0x55b971165950_0 .net "wbs_dat_o", 31 0, o0x7fd625ee5af8;  0 drivers
o0x7fd625ee5b28 .functor BUFZ 4, C4<zzzz>; HiZ drive
v0x55b971165a30_0 .net "wbs_sel_i", 3 0, o0x7fd625ee5b28;  0 drivers
o0x7fd625ee5b58 .functor BUFZ 1, C4<z>; HiZ drive
v0x55b971165b10_0 .net "wbs_stb_i", 0 0, o0x7fd625ee5b58;  0 drivers
o0x7fd625ee5b88 .functor BUFZ 1, C4<z>; HiZ drive
v0x55b971165bd0_0 .net "wbs_we_i", 0 0, o0x7fd625ee5b88;  0 drivers
L_0x55b971165ed0 .part o0x7fd625ee5948, 0, 8;
LS_0x55b9711670a0_0_0 .concat [ 8 8 8 8], L_0x7fd625e99018, L_0x55b9710ba670, L_0x55b9710ba3c0, L_0x55b9710ba780;
LS_0x55b9711670a0_0_4 .concat [ 8 8 80 0], L_0x55b9710e7390, L_0x55b9710e45d0, o0x7fd625ee5828;
L_0x55b9711670a0 .concat [ 32 96 0 0], LS_0x55b9711670a0_0_0, LS_0x55b9711670a0_0_4;
S_0x55b9711131b0 .scope module, "uut" "main" 2 85, 2 88 0, S_0x55b97112db90;
 .timescale 0 0;
    .port_info 0 /INPUT 1 "clk"
    .port_info 1 /INPUT 8 "in"
    .port_info 2 /OUTPUT 8 "out1"
    .port_info 3 /OUTPUT 8 "out2"
    .port_info 4 /OUTPUT 8 "out3"
    .port_info 5 /OUTPUT 8 "out4"
    .port_info 6 /OUTPUT 8 "out5"
v0x55b9711639e0_0 .net "clk", 0 0, L_0x55b97107b550;  alias, 1 drivers
v0x55b971163aa0_0 .net "in", 7 0, L_0x55b971165ed0;  alias, 1 drivers
v0x55b971163b60_0 .net "out1", 7 0, L_0x55b971166dd0;  alias, 1 drivers
v0x55b971163c00_0 .net "out2", 7 0, L_0x55b971166ef0;  alias, 1 drivers
v0x55b971163ca0_0 .net "out3", 7 0, L_0x55b971166f80;  alias, 1 drivers
v0x55b971163d90_0 .net "out4", 7 0, L_0x55b971167140;  alias, 1 drivers
v0x55b971163e30_0 .net "out5", 7 0, L_0x55b9711671d0;  alias, 1 drivers
S_0x55b97111c450 .scope module, "dut" "systolic_module" 2 98, 2 103 0, S_0x55b9711131b0;
 .timescale 0 0;
    .port_info 0 /INPUT 1 "clk"
    .port_info 1 /INPUT 8 "input_top_1"
    .port_info 2 /INPUT 8 "input_top_2"
    .port_info 3 /INPUT 8 "input_top_3"
    .port_info 4 /INPUT 8 "input_top_4"
    .port_info 5 /INPUT 8 "input_top_5"
    .port_info 6 /INPUT 8 "input_left_1"
    .port_info 7 /INPUT 8 "input_left_2"
    .port_info 8 /INPUT 8 "input_left_3"
    .port_info 9 /INPUT 8 "input_left_4"
    .port_info 10 /INPUT 8 "input_left_5"
    .port_info 11 /INPUT 8 "input_diag_top_0"
    .port_info 12 /INPUT 8 "input_diag_top_1"
    .port_info 13 /INPUT 8 "input_diag_top_2"
    .port_info 14 /INPUT 8 "input_diag_left_1"
    .port_info 15 /INPUT 8 "input_diag_left_2"
    .port_info 16 /OUTPUT 8 "output_bottom_5"
    .port_info 17 /OUTPUT 8 "output_bottom_4"
    .port_info 18 /OUTPUT 8 "output_bottom_3"
    .port_info 19 /OUTPUT 8 "output_right_4"
    .port_info 20 /OUTPUT 8 "output_right_3"
P_0x55b971134240 .param/l "ARRAY_SIZE" 0 2 128, +C4<00000000000000000000000000000000000000000000000000000000000000101>;
P_0x55b971134280 .param/l "MATRIX_SIZE" 0 2 127, +C4<00000000000000000000000000000011>;
P_0x55b9711342c0 .param/l "REG_WIDTH" 0 2 129, +C4<00000000000000000000000000001000>;
L_0x55b971165fd0 .functor BUFZ 8, L_0x55b971165ed0, C4<00000000>, C4<00000000>, C4<00000000>;
L_0x55b971166090 .functor BUFZ 8, L_0x55b971165ed0, C4<00000000>, C4<00000000>, C4<00000000>;
L_0x55b971166170 .functor BUFZ 8, L_0x55b971165ed0, C4<00000000>, C4<00000000>, C4<00000000>;
L_0x55b971166250 .functor BUFZ 8, L_0x55b971165ed0, C4<00000000>, C4<00000000>, C4<00000000>;
L_0x55b971166330 .functor BUFZ 8, L_0x55b971165ed0, C4<00000000>, C4<00000000>, C4<00000000>;
L_0x55b9711663f0 .functor BUFZ 8, L_0x55b971165ed0, C4<00000000>, C4<00000000>, C4<00000000>;
L_0x55b971166510 .functor BUFZ 8, L_0x55b971165ed0, C4<00000000>, C4<00000000>, C4<00000000>;
L_0x55b9711665f0 .functor BUFZ 8, L_0x55b971165ed0, C4<00000000>, C4<00000000>, C4<00000000>;
L_0x55b971166720 .functor BUFZ 8, L_0x55b971165ed0, C4<00000000>, C4<00000000>, C4<00000000>;
L_0x55b971166800 .functor BUFZ 8, L_0x55b971165ed0, C4<00000000>, C4<00000000>, C4<00000000>;
L_0x55b971166940 .functor BUFZ 8, L_0x55b971165ed0, C4<00000000>, C4<00000000>, C4<00000000>;
L_0x55b9711669d0 .functor BUFZ 8, L_0x55b971165ed0, C4<00000000>, C4<00000000>, C4<00000000>;
L_0x55b971166b20 .functor BUFZ 8, L_0x55b971165ed0, C4<00000000>, C4<00000000>, C4<00000000>;
L_0x55b971166c00 .functor BUFZ 8, L_0x55b971165ed0, C4<00000000>, C4<00000000>, C4<00000000>;
L_0x55b971166ab0 .functor BUFZ 8, L_0x55b971165ed0, C4<00000000>, C4<00000000>, C4<00000000>;
L_0x55b971166dd0 .functor BUFZ 8, v0x55b971160350_0, C4<00000000>, C4<00000000>, C4<00000000>;
L_0x55b971166ef0 .functor BUFZ 8, v0x55b97115f400_0, C4<00000000>, C4<00000000>, C4<00000000>;
L_0x55b971166f80 .functor BUFZ 8, v0x55b97115e4d0_0, C4<00000000>, C4<00000000>, C4<00000000>;
L_0x55b971167140 .functor BUFZ 8, v0x55b97115b850_0, C4<00000000>, C4<00000000>, C4<00000000>;
L_0x55b9711671d0 .functor BUFZ 8, v0x55b971156b60_0, C4<00000000>, C4<00000000>, C4<00000000>;
v0x55b9711606c0 .array "array_input_left", 0 4;
v0x55b9711606c0_0 .net v0x55b9711606c0 0, 7 0, L_0x55b9711663f0; 1 drivers
v0x55b9711606c0_1 .net v0x55b9711606c0 1, 7 0, L_0x55b971166510; 1 drivers
v0x55b9711606c0_2 .net v0x55b9711606c0 2, 7 0, L_0x55b9711665f0; 1 drivers
v0x55b9711606c0_3 .net v0x55b9711606c0 3, 7 0, L_0x55b971166720; 1 drivers
v0x55b9711606c0_4 .net v0x55b9711606c0 4, 7 0, L_0x55b971166800; 1 drivers
v0x55b9711608c0 .array "array_input_top", 0 4;
v0x55b9711608c0_0 .net v0x55b9711608c0 0, 7 0, L_0x55b971165fd0; 1 drivers
v0x55b9711608c0_1 .net v0x55b9711608c0 1, 7 0, L_0x55b971166090; 1 drivers
v0x55b9711608c0_2 .net v0x55b9711608c0 2, 7 0, L_0x55b971166170; 1 drivers
v0x55b9711608c0_3 .net v0x55b9711608c0 3, 7 0, L_0x55b971166250; 1 drivers
v0x55b9711608c0_4 .net v0x55b9711608c0 4, 7 0, L_0x55b971166330; 1 drivers
RS_0x7fd625ee3d88 .resolv tri, v0x55b971157bb0_0, v0x55b97115c8c0_0;
v0x55b971160a80 .array "array_output_bottom", 0 4;
v0x55b971160a80_0 .net8 v0x55b971160a80 0, 7 0, RS_0x7fd625ee3d88; 2 drivers
v0x55b971160a80_1 .net v0x55b971160a80 1, 7 0, v0x55b97115d600_0; 1 drivers
v0x55b971160a80_2 .net v0x55b971160a80 2, 7 0, v0x55b97115e310_0; 1 drivers
v0x55b971160a80_3 .net v0x55b971160a80 3, 7 0, v0x55b97115f240_0; 1 drivers
v0x55b971160a80_4 .net v0x55b971160a80 4, 7 0, v0x55b971160190_0; 1 drivers
v0x55b971160c60 .array "array_output_right", 0 4;
v0x55b971160c60_0 .net v0x55b971160c60 0, 7 0, v0x55b97114ce00_0; 1 drivers
v0x55b971160c60_1 .net v0x55b971160c60 1, 7 0, v0x55b971151ac0_0; 1 drivers
v0x55b971160c60_2 .net v0x55b971160c60 2, 7 0, v0x55b9711567b0_0; 1 drivers
v0x55b971160c60_3 .net v0x55b971160c60 3, 7 0, v0x55b97115b4a0_0; 1 drivers
v0x55b971160c60_4 .net v0x55b971160c60 4, 7 0, v0x55b97115ffa0_0; 1 drivers
o0x7fd625ee4e98 .functor BUFZ 8, C4<zzzzzzzz>; HiZ drive
v0x55b971160e20 .array "c_in_left", 0 4;
v0x55b971160e20_0 .net v0x55b971160e20 0, 7 0, o0x7fd625ee4e98; 0 drivers
v0x55b971160e20_1 .net v0x55b971160e20 1, 7 0, L_0x55b971166c00; 1 drivers
v0x55b971160e20_2 .net v0x55b971160e20 2, 7 0, L_0x55b971166ab0; 1 drivers
o0x7fd625ee4ec8 .functor BUFZ 8, C4<zzzzzzzz>; HiZ drive
v0x55b971160e20_3 .net v0x55b971160e20 3, 7 0, o0x7fd625ee4ec8; 0 drivers
o0x7fd625ee4ef8 .functor BUFZ 8, C4<zzzzzzzz>; HiZ drive
v0x55b971160e20_4 .net v0x55b971160e20 4, 7 0, o0x7fd625ee4ef8; 0 drivers
v0x55b971160f70 .array "c_in_top", 0 4;
v0x55b971160f70_0 .net v0x55b971160f70 0, 7 0, L_0x55b971166940; 1 drivers
v0x55b971160f70_1 .net v0x55b971160f70 1, 7 0, L_0x55b9711669d0; 1 drivers
v0x55b971160f70_2 .net v0x55b971160f70 2, 7 0, L_0x55b971166b20; 1 drivers
o0x7fd625ee4f28 .functor BUFZ 8, C4<zzzzzzzz>; HiZ drive
v0x55b971160f70_3 .net v0x55b971160f70 3, 7 0, o0x7fd625ee4f28; 0 drivers
o0x7fd625ee4f58 .functor BUFZ 8, C4<zzzzzzzz>; HiZ drive
v0x55b971160f70_4 .net v0x55b971160f70 4, 7 0, o0x7fd625ee4f58; 0 drivers
o0x7fd625ee4f88 .functor BUFZ 8, C4<zzzzzzzz>; HiZ drive
v0x55b9711610d0 .array "c_out_bottom", 0 4;
v0x55b9711610d0_0 .net v0x55b9711610d0 0, 7 0, o0x7fd625ee4f88; 0 drivers
o0x7fd625ee4fb8 .functor BUFZ 8, C4<zzzzzzzz>; HiZ drive
v0x55b9711610d0_1 .net v0x55b9711610d0 1, 7 0, o0x7fd625ee4fb8; 0 drivers
v0x55b9711610d0_2 .net v0x55b9711610d0 2, 7 0, v0x55b97115e4d0_0; 1 drivers
v0x55b9711610d0_3 .net v0x55b9711610d0 3, 7 0, v0x55b97115f400_0; 1 drivers
v0x55b9711610d0_4 .net v0x55b9711610d0 4, 7 0, v0x55b971160350_0; 1 drivers
o0x7fd625ee4fe8 .functor BUFZ 8, C4<zzzzzzzz>; HiZ drive
v0x55b971161230 .array "c_out_right", 0 4;
v0x55b971161230_0 .net v0x55b971161230 0, 7 0, o0x7fd625ee4fe8; 0 drivers
o0x7fd625ee5018 .functor BUFZ 8, C4<zzzzzzzz>; HiZ drive
v0x55b971161230_1 .net v0x55b971161230 1, 7 0, o0x7fd625ee5018; 0 drivers
v0x55b971161230_2 .net v0x55b971161230 2, 7 0, v0x55b971156b60_0; 1 drivers
v0x55b971161230_3 .net v0x55b971161230 3, 7 0, v0x55b97115b850_0; 1 drivers
o0x7fd625ee5048 .functor BUFZ 8, C4<zzzzzzzz>; HiZ drive
v0x55b971161230_4 .net v0x55b971161230 4, 7 0, o0x7fd625ee5048; 0 drivers
v0x55b971161360_0 .net "clk", 0 0, L_0x55b97107b550;  alias, 1 drivers
v0x55b971161400 .array "diagonal_wires", 15 0;
v0x55b971161400_0 .net v0x55b971161400 0, 7 0, v0x55b97110d6e0_0; 1 drivers
v0x55b971161400_1 .net v0x55b971161400 1, 7 0, v0x55b97114a5d0_0; 1 drivers
v0x55b971161400_2 .net v0x55b971161400 2, 7 0, v0x55b97114b500_0; 1 drivers
o0x7fd625ee5078 .functor BUFZ 8, C4<zzzzzzzz>; HiZ drive
v0x55b971161400_3 .net v0x55b971161400 3, 7 0, o0x7fd625ee5078; 0 drivers
v0x55b971161400_4 .net v0x55b971161400 4, 7 0, v0x55b97114e150_0; 1 drivers
v0x55b971161400_5 .net v0x55b971161400 5, 7 0, v0x55b97114f090_0; 1 drivers
v0x55b971161400_6 .net v0x55b971161400 6, 7 0, v0x55b97114ffd0_0; 1 drivers
v0x55b971161400_7 .net v0x55b971161400 7, 7 0, v0x55b971150f00_0; 1 drivers
v0x55b971161400_8 .net v0x55b971161400 8, 7 0, v0x55b971152e60_0; 1 drivers
v0x55b971161400_9 .net v0x55b971161400 9, 7 0, v0x55b971153da0_0; 1 drivers
v0x55b971161400_10 .net v0x55b971161400 10, 7 0, v0x55b971154ce0_0; 1 drivers
v0x55b971161400_11 .net v0x55b971161400 11, 7 0, v0x55b971155c10_0; 1 drivers
o0x7fd625ee50a8 .functor BUFZ 8, C4<zzzzzzzz>; HiZ drive
v0x55b971161400_12 .net v0x55b971161400 12, 7 0, o0x7fd625ee50a8; 0 drivers
v0x55b971161400_13 .net v0x55b971161400 13, 7 0, v0x55b971158a90_0; 1 drivers
v0x55b971161400_14 .net v0x55b971161400 14, 7 0, v0x55b9711599d0_0; 1 drivers
v0x55b971161400_15 .net v0x55b971161400 15, 7 0, v0x55b97115a900_0; 1 drivers
v0x55b9711618b0 .array "horizontal_wires", 19 0;
v0x55b9711618b0_0 .net v0x55b9711618b0 0, 7 0, v0x55b971110580_0; 1 drivers
v0x55b9711618b0_1 .net v0x55b9711618b0 1, 7 0, v0x55b97114a230_0; 1 drivers
v0x55b9711618b0_2 .net v0x55b9711618b0 2, 7 0, v0x55b97114b160_0; 1 drivers
v0x55b9711618b0_3 .net v0x55b9711618b0 3, 7 0, v0x55b97114c0b0_0; 1 drivers
v0x55b9711618b0_4 .net v0x55b9711618b0 4, 7 0, v0x55b97114dd90_0; 1 drivers
v0x55b9711618b0_5 .net v0x55b9711618b0 5, 7 0, v0x55b97114ece0_0; 1 drivers
v0x55b9711618b0_6 .net v0x55b9711618b0 6, 7 0, v0x55b97114fc20_0; 1 drivers
v0x55b9711618b0_7 .net v0x55b9711618b0 7, 7 0, v0x55b971150b50_0; 1 drivers
v0x55b9711618b0_8 .net v0x55b9711618b0 8, 7 0, v0x55b971152aa0_0; 1 drivers
v0x55b9711618b0_9 .net v0x55b9711618b0 9, 7 0, v0x55b9711539f0_0; 1 drivers
v0x55b9711618b0_10 .net v0x55b9711618b0 10, 7 0, v0x55b971154930_0; 1 drivers
v0x55b9711618b0_11 .net v0x55b9711618b0 11, 7 0, v0x55b971155860_0; 1 drivers
v0x55b9711618b0_12 .net v0x55b9711618b0 12, 7 0, v0x55b9711579d0_0; 1 drivers
v0x55b9711618b0_13 .net v0x55b9711618b0 13, 7 0, v0x55b9711586e0_0; 1 drivers
v0x55b9711618b0_14 .net v0x55b9711618b0 14, 7 0, v0x55b971159620_0; 1 drivers
v0x55b9711618b0_15 .net v0x55b9711618b0 15, 7 0, v0x55b97115a550_0; 1 drivers
v0x55b9711618b0_16 .net v0x55b9711618b0 16, 7 0, v0x55b97115c6e0_0; 1 drivers
v0x55b9711618b0_17 .net v0x55b9711618b0 17, 7 0, v0x55b97115d410_0; 1 drivers
v0x55b9711618b0_18 .net v0x55b9711618b0 18, 7 0, v0x55b97115e120_0; 1 drivers
v0x55b9711618b0_19 .net v0x55b9711618b0 19, 7 0, v0x55b97115f050_0; 1 drivers
v0x55b971162040_0 .net "input_diag_left_1", 7 0, L_0x55b971165ed0;  alias, 1 drivers
v0x55b9711620e0_0 .net "input_diag_left_2", 7 0, L_0x55b971165ed0;  alias, 1 drivers
v0x55b971162180_0 .net "input_diag_top_0", 7 0, L_0x55b971165ed0;  alias, 1 drivers
v0x55b971162270_0 .net "input_diag_top_1", 7 0, L_0x55b971165ed0;  alias, 1 drivers
v0x55b971162310_0 .net "input_diag_top_2", 7 0, L_0x55b971165ed0;  alias, 1 drivers
v0x55b971162440_0 .net "input_left_1", 7 0, L_0x55b971165ed0;  alias, 1 drivers
v0x55b9711624e0_0 .net "input_left_2", 7 0, L_0x55b971165ed0;  alias, 1 drivers
v0x55b971162580_0 .net "input_left_3", 7 0, L_0x55b971165ed0;  alias, 1 drivers
v0x55b971162620_0 .net "input_left_4", 7 0, L_0x55b971165ed0;  alias, 1 drivers
v0x55b9711626c0_0 .net "input_left_5", 7 0, L_0x55b971165ed0;  alias, 1 drivers
v0x55b971162780_0 .net "input_top_1", 7 0, L_0x55b971165ed0;  alias, 1 drivers
v0x55b971162840_0 .net "input_top_2", 7 0, L_0x55b971165ed0;  alias, 1 drivers
v0x55b971162900_0 .net "input_top_3", 7 0, L_0x55b971165ed0;  alias, 1 drivers
v0x55b9711629c0_0 .net "input_top_4", 7 0, L_0x55b971165ed0;  alias, 1 drivers
v0x55b971162a80_0 .net "input_top_5", 7 0, L_0x55b971165ed0;  alias, 1 drivers
v0x55b971162b40_0 .net "output_bottom_3", 7 0, L_0x55b971166f80;  alias, 1 drivers
v0x55b971162c20_0 .net "output_bottom_4", 7 0, L_0x55b971166ef0;  alias, 1 drivers
v0x55b971162d00_0 .net "output_bottom_5", 7 0, L_0x55b971166dd0;  alias, 1 drivers
v0x55b971162de0_0 .net "output_right_3", 7 0, L_0x55b9711671d0;  alias, 1 drivers
v0x55b971162ec0_0 .net "output_right_4", 7 0, L_0x55b971167140;  alias, 1 drivers
v0x55b971162fa0 .array "vertical_wires", 19 0;
v0x55b971162fa0_0 .net v0x55b971162fa0 0, 7 0, v0x55b97110e030_0; 1 drivers
v0x55b971162fa0_1 .net v0x55b971162fa0 1, 7 0, v0x55b97114a420_0; 1 drivers
v0x55b971162fa0_2 .net v0x55b971162fa0 2, 7 0, v0x55b97114b350_0; 1 drivers
v0x55b971162fa0_3 .net v0x55b971162fa0 3, 7 0, v0x55b97114c2a0_0; 1 drivers
v0x55b971162fa0_4 .net v0x55b971162fa0 4, 7 0, v0x55b97114cff0_0; 1 drivers
v0x55b971162fa0_5 .net v0x55b971162fa0 5, 7 0, v0x55b97114df70_0; 1 drivers
v0x55b971162fa0_6 .net v0x55b971162fa0 6, 7 0, v0x55b97114eed0_0; 1 drivers
v0x55b971162fa0_7 .net v0x55b971162fa0 7, 7 0, v0x55b97114fe10_0; 1 drivers
v0x55b971162fa0_8 .net v0x55b971162fa0 8, 7 0, v0x55b971150d40_0; 1 drivers
v0x55b971162fa0_9 .net v0x55b971162fa0 9, 7 0, v0x55b971151cb0_0; 1 drivers
v0x55b971162fa0_10 .net v0x55b971162fa0 10, 7 0, v0x55b971152c80_0; 1 drivers
v0x55b971162fa0_11 .net v0x55b971162fa0 11, 7 0, v0x55b971153be0_0; 1 drivers
v0x55b971162fa0_12 .net v0x55b971162fa0 12, 7 0, v0x55b971154b20_0; 1 drivers
v0x55b971162fa0_13 .net v0x55b971162fa0 13, 7 0, v0x55b971155a50_0; 1 drivers
v0x55b971162fa0_14 .net v0x55b971162fa0 14, 7 0, v0x55b9711569a0_0; 1 drivers
o0x7fd625ee4688 .functor BUFZ 8, C4<zzzzzzzz>; HiZ drive
v0x55b971162fa0_15 .net v0x55b971162fa0 15, 7 0, o0x7fd625ee4688; 0 drivers
v0x55b971162fa0_16 .net v0x55b971162fa0 16, 7 0, v0x55b9711588d0_0; 1 drivers
v0x55b971162fa0_17 .net v0x55b971162fa0 17, 7 0, v0x55b971159810_0; 1 drivers
v0x55b971162fa0_18 .net v0x55b971162fa0 18, 7 0, v0x55b97115a740_0; 1 drivers
v0x55b971162fa0_19 .net v0x55b971162fa0 19, 7 0, v0x55b97115b690_0; 1 drivers
S_0x55b971125c10 .scope generate, "genblk1[0]" "genblk1[0]" 2 201, 2 201 0, S_0x55b97111c450;
 .timescale 0 0;
P_0x55b97110d320 .param/l "row_index" 0 2 201, +C4<00>;
S_0x55b97110c5e0 .scope generate, "genblk2[0]" "genblk2[0]" 2 202, 2 202 0, S_0x55b971125c10;
 .timescale 0 0;
P_0x55b9711123d0 .param/l "column_index" 0 2 202, +C4<00>;
S_0x55b97112ee70 .scope generate, "genblk5" "genblk5" 2 211, 2 211 0, S_0x55b97110c5e0;
 .timescale 0 0;
S_0x55b97112d980 .scope module, "element" "PE" 2 212, 2 294 0, S_0x55b97112ee70;
 .timescale 0 0;
    .port_info 0 /INPUT 1 "clk"
    .port_info 1 /INPUT 8 "a_n_1"
    .port_info 2 /INPUT 8 "b_n_1"
    .port_info 3 /INPUT 8 "c_n_1"
    .port_info 4 /OUTPUT 8 "a_n"
    .port_info 5 /OUTPUT 8 "b_n"
    .port_info 6 /OUTPUT 8 "c_ab"
P_0x55b971134900 .param/l "REG_WIDTH" 0 2 294, +C4<00000000000000000000000000001000>;
v0x55b971110580_0 .var "a_n", 7 0;
v0x55b9710e7250_0 .net "a_n_1", 7 0, L_0x55b9711663f0;  alias, 1 drivers
v0x55b97110e030_0 .var "b_n", 7 0;
v0x55b97110db40_0 .net "b_n_1", 7 0, L_0x55b971165fd0;  alias, 1 drivers
v0x55b97110d6e0_0 .var "c_ab", 7 0;
v0x55b97110d280_0 .net "c_n_1", 7 0, L_0x55b971166940;  alias, 1 drivers
v0x55b97110c9e0_0 .net "clk", 0 0, L_0x55b97107b550;  alias, 1 drivers
E_0x55b9710e4c50 .event posedge, v0x55b97110c9e0_0;
S_0x55b971149a50 .scope generate, "genblk2[1]" "genblk2[1]" 2 202, 2 202 0, S_0x55b971125c10;
 .timescale 0 0;
P_0x55b971149c60 .param/l "column_index" 0 2 202, +C4<01>;
S_0x55b971149d20 .scope generate, "genblk9" "genblk9" 2 217, 2 217 0, S_0x55b971149a50;
 .timescale 0 0;
S_0x55b971149ef0 .scope module, "element" "PE" 2 218, 2 294 0, S_0x55b971149d20;
 .timescale 0 0;
    .port_info 0 /INPUT 1 "clk"
    .port_info 1 /INPUT 8 "a_n_1"
    .port_info 2 /INPUT 8 "b_n_1"
    .port_info 3 /INPUT 8 "c_n_1"
    .port_info 4 /OUTPUT 8 "a_n"
    .port_info 5 /OUTPUT 8 "b_n"
    .port_info 6 /OUTPUT 8 "c_ab"
P_0x55b97114a0e0 .param/l "REG_WIDTH" 0 2 294, +C4<00000000000000000000000000001000>;
v0x55b97114a230_0 .var "a_n", 7 0;
v0x55b97114a330_0 .net "a_n_1", 7 0, v0x55b971110580_0;  alias, 1 drivers
v0x55b97114a420_0 .var "b_n", 7 0;
v0x55b97114a4f0_0 .net "b_n_1", 7 0, L_0x55b971166090;  alias, 1 drivers
v0x55b97114a5d0_0 .var "c_ab", 7 0;
v0x55b97114a700_0 .net "c_n_1", 7 0, L_0x55b9711669d0;  alias, 1 drivers
v0x55b97114a7e0_0 .net "clk", 0 0, L_0x55b97107b550;  alias, 1 drivers
S_0x55b97114a940 .scope generate, "genblk2[2]" "genblk2[2]" 2 202, 2 202 0, S_0x55b971125c10;
 .timescale 0 0;
P_0x55b97114ab60 .param/l "column_index" 0 2 202, +C4<010>;
S_0x55b97114ac20 .scope generate, "genblk9" "genblk9" 2 217, 2 217 0, S_0x55b97114a940;
 .timescale 0 0;
S_0x55b97114adf0 .scope module, "element" "PE" 2 218, 2 294 0, S_0x55b97114ac20;
 .timescale 0 0;
    .port_info 0 /INPUT 1 "clk"
    .port_info 1 /INPUT 8 "a_n_1"
    .port_info 2 /INPUT 8 "b_n_1"
    .port_info 3 /INPUT 8 "c_n_1"
    .port_info 4 /OUTPUT 8 "a_n"
    .port_info 5 /OUTPUT 8 "b_n"
    .port_info 6 /OUTPUT 8 "c_ab"
P_0x55b97114afe0 .param/l "REG_WIDTH" 0 2 294, +C4<00000000000000000000000000001000>;
v0x55b97114b160_0 .var "a_n", 7 0;
v0x55b97114b260_0 .net "a_n_1", 7 0, v0x55b97114a230_0;  alias, 1 drivers
v0x55b97114b350_0 .var "b_n", 7 0;
v0x55b97114b420_0 .net "b_n_1", 7 0, L_0x55b971166170;  alias, 1 drivers
v0x55b97114b500_0 .var "c_ab", 7 0;
v0x55b97114b630_0 .net "c_n_1", 7 0, L_0x55b971166b20;  alias, 1 drivers
v0x55b97114b710_0 .net "clk", 0 0, L_0x55b97107b550;  alias, 1 drivers
S_0x55b97114b8e0 .scope generate, "genblk2[3]" "genblk2[3]" 2 202, 2 202 0, S_0x55b971125c10;
 .timescale 0 0;
P_0x55b97114bad0 .param/l "column_index" 0 2 202, +C4<011>;
S_0x55b97114bbb0 .scope generate, "genblk16" "genblk16" 2 232, 2 232 0, S_0x55b97114b8e0;
 .timescale 0 0;
S_0x55b97114bd80 .scope module, "element" "delay_element" 2 233, 2 311 0, S_0x55b97114bbb0;
 .timescale 0 0;
    .port_info 0 /INPUT 1 "clk"
    .port_info 1 /INPUT 8 "a_n_1"
    .port_info 2 /INPUT 8 "b_n_1"
    .port_info 3 /OUTPUT 8 "a_n"
    .port_info 4 /OUTPUT 8 "b_n"
    .port_info 5 /NODIR 0 ""
P_0x55b97114bf70 .param/l "REG_WIDTH" 0 2 311, +C4<00000000000000000000000000001000>;
v0x55b97114c0b0_0 .var "a_n", 7 0;
v0x55b97114c1b0_0 .net "a_n_1", 7 0, v0x55b97114b160_0;  alias, 1 drivers
v0x55b97114c2a0_0 .var "b_n", 7 0;
v0x55b97114c370_0 .net "b_n_1", 7 0, L_0x55b971166250;  alias, 1 drivers
v0x55b97114c450_0 .net "clk", 0 0, L_0x55b97107b550;  alias, 1 drivers
S_0x55b97114c5e0 .scope generate, "genblk2[4]" "genblk2[4]" 2 202, 2 202 0, S_0x55b971125c10;
 .timescale 0 0;
P_0x55b97114c820 .param/l "column_index" 0 2 202, +C4<0100>;
S_0x55b97114c900 .scope generate, "genblk12" "genblk12" 2 226, 2 226 0, S_0x55b97114c5e0;
 .timescale 0 0;
S_0x55b97114cad0 .scope module, "element" "delay_element" 2 227, 2 311 0, S_0x55b97114c900;
 .timescale 0 0;
    .port_info 0 /INPUT 1 "clk"
    .port_info 1 /INPUT 8 "a_n_1"
    .port_info 2 /INPUT 8 "b_n_1"
    .port_info 3 /OUTPUT 8 "a_n"
    .port_info 4 /OUTPUT 8 "b_n"
    .port_info 5 /NODIR 0 ""
P_0x55b97114ccc0 .param/l "REG_WIDTH" 0 2 311, +C4<00000000000000000000000000001000>;
v0x55b97114ce00_0 .var "a_n", 7 0;
v0x55b97114cf00_0 .net "a_n_1", 7 0, v0x55b97114c0b0_0;  alias, 1 drivers
v0x55b97114cff0_0 .var "b_n", 7 0;
v0x55b97114d0c0_0 .net "b_n_1", 7 0, L_0x55b971166330;  alias, 1 drivers
v0x55b97114d1a0_0 .net "clk", 0 0, L_0x55b97107b550;  alias, 1 drivers
S_0x55b97114d330 .scope generate, "genblk1[1]" "genblk1[1]" 2 201, 2 201 0, S_0x55b97111c450;
 .timescale 0 0;
P_0x55b97114d4f0 .param/l "row_index" 0 2 201, +C4<01>;
S_0x55b97114d5b0 .scope generate, "genblk2[0]" "genblk2[0]" 2 202, 2 202 0, S_0x55b97114d330;
 .timescale 0 0;
P_0x55b97114d7a0 .param/l "column_index" 0 2 202, +C4<00>;
S_0x55b97114d880 .scope generate, "genblk7" "genblk7" 2 214, 2 214 0, S_0x55b97114d5b0;
 .timescale 0 0;
S_0x55b97114da50 .scope module, "element" "PE" 2 215, 2 294 0, S_0x55b97114d880;
 .timescale 0 0;
    .port_info 0 /INPUT 1 "clk"
    .port_info 1 /INPUT 8 "a_n_1"
    .port_info 2 /INPUT 8 "b_n_1"
    .port_info 3 /INPUT 8 "c_n_1"
    .port_info 4 /OUTPUT 8 "a_n"
    .port_info 5 /OUTPUT 8 "b_n"
    .port_info 6 /OUTPUT 8 "c_ab"
P_0x55b97114dc40 .param/l "REG_WIDTH" 0 2 294, +C4<00000000000000000000000000001000>;
v0x55b97114dd90_0 .var "a_n", 7 0;
v0x55b97114de90_0 .net "a_n_1", 7 0, L_0x55b971166510;  alias, 1 drivers
v0x55b97114df70_0 .var "b_n", 7 0;
v0x55b97114e060_0 .net "b_n_1", 7 0, v0x55b97110e030_0;  alias, 1 drivers
v0x55b97114e150_0 .var "c_ab", 7 0;
v0x55b97114e260_0 .net "c_n_1", 7 0, L_0x55b971166c00;  alias, 1 drivers
v0x55b97114e340_0 .net "clk", 0 0, L_0x55b97107b550;  alias, 1 drivers
S_0x55b97114e500 .scope generate, "genblk2[1]" "genblk2[1]" 2 202, 2 202 0, S_0x55b97114d330;
 .timescale 0 0;
P_0x55b97114e710 .param/l "column_index" 0 2 202, +C4<01>;
S_0x55b97114e7d0 .scope generate, "genblk10" "genblk10" 2 217, 2 217 0, S_0x55b97114e500;
 .timescale 0 0;
S_0x55b97114e9a0 .scope module, "element" "PE" 2 221, 2 294 0, S_0x55b97114e7d0;
 .timescale 0 0;
    .port_info 0 /INPUT 1 "clk"
    .port_info 1 /INPUT 8 "a_n_1"
    .port_info 2 /INPUT 8 "b_n_1"
    .port_info 3 /INPUT 8 "c_n_1"
    .port_info 4 /OUTPUT 8 "a_n"
    .port_info 5 /OUTPUT 8 "b_n"
    .port_info 6 /OUTPUT 8 "c_ab"
P_0x55b97114eb90 .param/l "REG_WIDTH" 0 2 294, +C4<00000000000000000000000000001000>;
v0x55b97114ece0_0 .var "a_n", 7 0;
v0x55b97114ede0_0 .net "a_n_1", 7 0, v0x55b97114dd90_0;  alias, 1 drivers
v0x55b97114eed0_0 .var "b_n", 7 0;
v0x55b97114efa0_0 .net "b_n_1", 7 0, v0x55b97114a420_0;  alias, 1 drivers
v0x55b97114f090_0 .var "c_ab", 7 0;
v0x55b97114f1a0_0 .net "c_n_1", 7 0, v0x55b97110d6e0_0;  alias, 1 drivers
v0x55b97114f260_0 .net "clk", 0 0, L_0x55b97107b550;  alias, 1 drivers
S_0x55b97114f400 .scope generate, "genblk2[2]" "genblk2[2]" 2 202, 2 202 0, S_0x55b97114d330;
 .timescale 0 0;
P_0x55b97114f620 .param/l "column_index" 0 2 202, +C4<010>;
S_0x55b97114f6e0 .scope generate, "genblk10" "genblk10" 2 217, 2 217 0, S_0x55b97114f400;
 .timescale 0 0;
S_0x55b97114f8b0 .scope module, "element" "PE" 2 221, 2 294 0, S_0x55b97114f6e0;
 .timescale 0 0;
    .port_info 0 /INPUT 1 "clk"
    .port_info 1 /INPUT 8 "a_n_1"
    .port_info 2 /INPUT 8 "b_n_1"
    .port_info 3 /INPUT 8 "c_n_1"
    .port_info 4 /OUTPUT 8 "a_n"
    .port_info 5 /OUTPUT 8 "b_n"
    .port_info 6 /OUTPUT 8 "c_ab"
P_0x55b97114faa0 .param/l "REG_WIDTH" 0 2 294, +C4<00000000000000000000000000001000>;
v0x55b97114fc20_0 .var "a_n", 7 0;
v0x55b97114fd20_0 .net "a_n_1", 7 0, v0x55b97114ece0_0;  alias, 1 drivers
v0x55b97114fe10_0 .var "b_n", 7 0;
v0x55b97114fee0_0 .net "b_n_1", 7 0, v0x55b97114b350_0;  alias, 1 drivers
v0x55b97114ffd0_0 .var "c_ab", 7 0;
v0x55b9711500e0_0 .net "c_n_1", 7 0, v0x55b97114a5d0_0;  alias, 1 drivers
v0x55b9711501a0_0 .net "clk", 0 0, L_0x55b97107b550;  alias, 1 drivers
S_0x55b971150340 .scope generate, "genblk2[3]" "genblk2[3]" 2 202, 2 202 0, S_0x55b97114d330;
 .timescale 0 0;
P_0x55b971150530 .param/l "column_index" 0 2 202, +C4<011>;
S_0x55b971150610 .scope generate, "genblk10" "genblk10" 2 217, 2 217 0, S_0x55b971150340;
 .timescale 0 0;
S_0x55b9711507e0 .scope module, "element" "PE" 2 221, 2 294 0, S_0x55b971150610;
 .timescale 0 0;
    .port_info 0 /INPUT 1 "clk"
    .port_info 1 /INPUT 8 "a_n_1"
    .port_info 2 /INPUT 8 "b_n_1"
    .port_info 3 /INPUT 8 "c_n_1"
    .port_info 4 /OUTPUT 8 "a_n"
    .port_info 5 /OUTPUT 8 "b_n"
    .port_info 6 /OUTPUT 8 "c_ab"
P_0x55b9711509d0 .param/l "REG_WIDTH" 0 2 294, +C4<00000000000000000000000000001000>;
v0x55b971150b50_0 .var "a_n", 7 0;
v0x55b971150c50_0 .net "a_n_1", 7 0, v0x55b97114fc20_0;  alias, 1 drivers
v0x55b971150d40_0 .var "b_n", 7 0;
v0x55b971150e10_0 .net "b_n_1", 7 0, v0x55b97114c2a0_0;  alias, 1 drivers
v0x55b971150f00_0 .var "c_ab", 7 0;
v0x55b971151010_0 .net "c_n_1", 7 0, v0x55b97114b500_0;  alias, 1 drivers
v0x55b9711510d0_0 .net "clk", 0 0, L_0x55b97107b550;  alias, 1 drivers
S_0x55b971151270 .scope generate, "genblk2[4]" "genblk2[4]" 2 202, 2 202 0, S_0x55b97114d330;
 .timescale 0 0;
P_0x55b9711514b0 .param/l "column_index" 0 2 202, +C4<0100>;
S_0x55b971151590 .scope generate, "genblk14" "genblk14" 2 229, 2 229 0, S_0x55b971151270;
 .timescale 0 0;
S_0x55b971151760 .scope module, "element" "delay_element" 2 230, 2 311 0, S_0x55b971151590;
 .timescale 0 0;
    .port_info 0 /INPUT 1 "clk"
    .port_info 1 /INPUT 8 "a_n_1"
    .port_info 2 /INPUT 8 "b_n_1"
    .port_info 3 /OUTPUT 8 "a_n"
    .port_info 4 /OUTPUT 8 "b_n"
    .port_info 5 /NODIR 0 ""
P_0x55b971151950 .param/l "REG_WIDTH" 0 2 311, +C4<00000000000000000000000000001000>;
v0x55b971151ac0_0 .var "a_n", 7 0;
v0x55b971151bc0_0 .net "a_n_1", 7 0, v0x55b971150b50_0;  alias, 1 drivers
v0x55b971151cb0_0 .var "b_n", 7 0;
v0x55b971151d80_0 .net "b_n_1", 7 0, v0x55b97114cff0_0;  alias, 1 drivers
v0x55b971151e70_0 .net "clk", 0 0, L_0x55b97107b550;  alias, 1 drivers
S_0x55b971151fe0 .scope generate, "genblk1[2]" "genblk1[2]" 2 201, 2 201 0, S_0x55b97111c450;
 .timescale 0 0;
P_0x55b9711521d0 .param/l "row_index" 0 2 201, +C4<010>;
S_0x55b971152290 .scope generate, "genblk2[0]" "genblk2[0]" 2 202, 2 202 0, S_0x55b971151fe0;
 .timescale 0 0;
P_0x55b971152480 .param/l "column_index" 0 2 202, +C4<00>;
S_0x55b971152560 .scope generate, "genblk20" "genblk20" 2 242, 2 242 0, S_0x55b971152290;
 .timescale 0 0;
S_0x55b971152730 .scope module, "element" "PE" 2 243, 2 294 0, S_0x55b971152560;
 .timescale 0 0;
    .port_info 0 /INPUT 1 "clk"
    .port_info 1 /INPUT 8 "a_n_1"
    .port_info 2 /INPUT 8 "b_n_1"
    .port_info 3 /INPUT 8 "c_n_1"
    .port_info 4 /OUTPUT 8 "a_n"
    .port_info 5 /OUTPUT 8 "b_n"
    .port_info 6 /OUTPUT 8 "c_ab"
P_0x55b971152920 .param/l "REG_WIDTH" 0 2 294, +C4<00000000000000000000000000001000>;
v0x55b971152aa0_0 .var "a_n", 7 0;
v0x55b971152ba0_0 .net "a_n_1", 7 0, L_0x55b9711665f0;  alias, 1 drivers
v0x55b971152c80_0 .var "b_n", 7 0;
v0x55b971152d70_0 .net "b_n_1", 7 0, v0x55b97114df70_0;  alias, 1 drivers
v0x55b971152e60_0 .var "c_ab", 7 0;
v0x55b971152f70_0 .net "c_n_1", 7 0, L_0x55b971166ab0;  alias, 1 drivers
v0x55b971153050_0 .net "clk", 0 0, L_0x55b97107b550;  alias, 1 drivers
S_0x55b971153210 .scope generate, "genblk2[1]" "genblk2[1]" 2 202, 2 202 0, S_0x55b971151fe0;
 .timescale 0 0;
P_0x55b971153420 .param/l "column_index" 0 2 202, +C4<01>;
S_0x55b9711534e0 .scope generate, "genblk23" "genblk23" 2 245, 2 245 0, S_0x55b971153210;
 .timescale 0 0;
S_0x55b9711536b0 .scope module, "element" "PE" 2 249, 2 294 0, S_0x55b9711534e0;
 .timescale 0 0;
    .port_info 0 /INPUT 1 "clk"
    .port_info 1 /INPUT 8 "a_n_1"
    .port_info 2 /INPUT 8 "b_n_1"
    .port_info 3 /INPUT 8 "c_n_1"
    .port_info 4 /OUTPUT 8 "a_n"
    .port_info 5 /OUTPUT 8 "b_n"
    .port_info 6 /OUTPUT 8 "c_ab"
P_0x55b9711538a0 .param/l "REG_WIDTH" 0 2 294, +C4<00000000000000000000000000001000>;
v0x55b9711539f0_0 .var "a_n", 7 0;
v0x55b971153af0_0 .net "a_n_1", 7 0, v0x55b971152aa0_0;  alias, 1 drivers
v0x55b971153be0_0 .var "b_n", 7 0;
v0x55b971153cb0_0 .net "b_n_1", 7 0, v0x55b97114eed0_0;  alias, 1 drivers
v0x55b971153da0_0 .var "c_ab", 7 0;
v0x55b971153eb0_0 .net "c_n_1", 7 0, v0x55b97114e150_0;  alias, 1 drivers
v0x55b971153f70_0 .net "clk", 0 0, L_0x55b97107b550;  alias, 1 drivers
S_0x55b971154110 .scope generate, "genblk2[2]" "genblk2[2]" 2 202, 2 202 0, S_0x55b971151fe0;
 .timescale 0 0;
P_0x55b971154330 .param/l "column_index" 0 2 202, +C4<010>;
S_0x55b9711543f0 .scope generate, "genblk23" "genblk23" 2 245, 2 245 0, S_0x55b971154110;
 .timescale 0 0;
S_0x55b9711545c0 .scope module, "element" "PE" 2 249, 2 294 0, S_0x55b9711543f0;
 .timescale 0 0;
    .port_info 0 /INPUT 1 "clk"
    .port_info 1 /INPUT 8 "a_n_1"
    .port_info 2 /INPUT 8 "b_n_1"
    .port_info 3 /INPUT 8 "c_n_1"
    .port_info 4 /OUTPUT 8 "a_n"
    .port_info 5 /OUTPUT 8 "b_n"
    .port_info 6 /OUTPUT 8 "c_ab"
P_0x55b9711547b0 .param/l "REG_WIDTH" 0 2 294, +C4<00000000000000000000000000001000>;
v0x55b971154930_0 .var "a_n", 7 0;
v0x55b971154a30_0 .net "a_n_1", 7 0, v0x55b9711539f0_0;  alias, 1 drivers
v0x55b971154b20_0 .var "b_n", 7 0;
v0x55b971154bf0_0 .net "b_n_1", 7 0, v0x55b97114fe10_0;  alias, 1 drivers
v0x55b971154ce0_0 .var "c_ab", 7 0;
v0x55b971154df0_0 .net "c_n_1", 7 0, v0x55b97114f090_0;  alias, 1 drivers
v0x55b971154eb0_0 .net "clk", 0 0, L_0x55b97107b550;  alias, 1 drivers
S_0x55b971155050 .scope generate, "genblk2[3]" "genblk2[3]" 2 202, 2 202 0, S_0x55b971151fe0;
 .timescale 0 0;
P_0x55b971155240 .param/l "column_index" 0 2 202, +C4<011>;
S_0x55b971155320 .scope generate, "genblk23" "genblk23" 2 245, 2 245 0, S_0x55b971155050;
 .timescale 0 0;
S_0x55b9711554f0 .scope module, "element" "PE" 2 249, 2 294 0, S_0x55b971155320;
 .timescale 0 0;
    .port_info 0 /INPUT 1 "clk"
    .port_info 1 /INPUT 8 "a_n_1"
    .port_info 2 /INPUT 8 "b_n_1"
    .port_info 3 /INPUT 8 "c_n_1"
    .port_info 4 /OUTPUT 8 "a_n"
    .port_info 5 /OUTPUT 8 "b_n"
    .port_info 6 /OUTPUT 8 "c_ab"
P_0x55b9711556e0 .param/l "REG_WIDTH" 0 2 294, +C4<00000000000000000000000000001000>;
v0x55b971155860_0 .var "a_n", 7 0;
v0x55b971155960_0 .net "a_n_1", 7 0, v0x55b971154930_0;  alias, 1 drivers
v0x55b971155a50_0 .var "b_n", 7 0;
v0x55b971155b20_0 .net "b_n_1", 7 0, v0x55b971150d40_0;  alias, 1 drivers
v0x55b971155c10_0 .var "c_ab", 7 0;
v0x55b971155d20_0 .net "c_n_1", 7 0, v0x55b97114ffd0_0;  alias, 1 drivers
v0x55b971155de0_0 .net "clk", 0 0, L_0x55b97107b550;  alias, 1 drivers
S_0x55b971155f80 .scope generate, "genblk2[4]" "genblk2[4]" 2 202, 2 202 0, S_0x55b971151fe0;
 .timescale 0 0;
P_0x55b9711561c0 .param/l "column_index" 0 2 202, +C4<0100>;
S_0x55b9711562a0 .scope generate, "genblk22" "genblk22" 2 245, 2 245 0, S_0x55b971155f80;
 .timescale 0 0;
S_0x55b971156470 .scope module, "element" "PE" 2 246, 2 294 0, S_0x55b9711562a0;
 .timescale 0 0;
    .port_info 0 /INPUT 1 "clk"
    .port_info 1 /INPUT 8 "a_n_1"
    .port_info 2 /INPUT 8 "b_n_1"
    .port_info 3 /INPUT 8 "c_n_1"
    .port_info 4 /OUTPUT 8 "a_n"
    .port_info 5 /OUTPUT 8 "b_n"
    .port_info 6 /OUTPUT 8 "c_ab"
P_0x55b971156660 .param/l "REG_WIDTH" 0 2 294, +C4<00000000000000000000000000001000>;
v0x55b9711567b0_0 .var "a_n", 7 0;
v0x55b9711568b0_0 .net "a_n_1", 7 0, v0x55b971155860_0;  alias, 1 drivers
v0x55b9711569a0_0 .var "b_n", 7 0;
v0x55b971156a70_0 .net "b_n_1", 7 0, v0x55b971151cb0_0;  alias, 1 drivers
v0x55b971156b60_0 .var "c_ab", 7 0;
v0x55b971156c70_0 .net "c_n_1", 7 0, v0x55b971150f00_0;  alias, 1 drivers
v0x55b971156d30_0 .net "clk", 0 0, L_0x55b97107b550;  alias, 1 drivers
S_0x55b971156ed0 .scope generate, "genblk1[3]" "genblk1[3]" 2 201, 2 201 0, S_0x55b97111c450;
 .timescale 0 0;
P_0x55b9711570c0 .param/l "row_index" 0 2 201, +C4<011>;
S_0x55b9711571a0 .scope generate, "genblk2[0]" "genblk2[0]" 2 202, 2 202 0, S_0x55b971156ed0;
 .timescale 0 0;
P_0x55b971157390 .param/l "column_index" 0 2 202, +C4<00>;
S_0x55b971157470 .scope generate, "genblk28" "genblk28" 2 258, 2 258 0, S_0x55b9711571a0;
 .timescale 0 0;
S_0x55b971157640 .scope module, "element" "delay_element" 2 259, 2 311 0, S_0x55b971157470;
 .timescale 0 0;
    .port_info 0 /INPUT 1 "clk"
    .port_info 1 /INPUT 8 "a_n_1"
    .port_info 2 /INPUT 8 "b_n_1"
    .port_info 3 /OUTPUT 8 "a_n"
    .port_info 4 /OUTPUT 8 "b_n"
    .port_info 5 /NODIR 0 ""
P_0x55b971157830 .param/l "REG_WIDTH" 0 2 311, +C4<00000000000000000000000000001000>;
v0x55b9711579d0_0 .var "a_n", 7 0;
v0x55b971157ad0_0 .net "a_n_1", 7 0, L_0x55b971166720;  alias, 1 drivers
v0x55b971157bb0_0 .var "b_n", 7 0;
v0x55b971157ca0_0 .net "b_n_1", 7 0, v0x55b971152c80_0;  alias, 1 drivers
v0x55b971157d90_0 .net "clk", 0 0, L_0x55b97107b550;  alias, 1 drivers
S_0x55b971157f00 .scope generate, "genblk2[1]" "genblk2[1]" 2 202, 2 202 0, S_0x55b971156ed0;
 .timescale 0 0;
P_0x55b971158110 .param/l "column_index" 0 2 202, +C4<01>;
S_0x55b9711581d0 .scope generate, "genblk38" "genblk38" 2 276, 2 276 0, S_0x55b971157f00;
 .timescale 0 0;
S_0x55b9711583a0 .scope module, "element" "PE" 2 280, 2 294 0, S_0x55b9711581d0;
 .timescale 0 0;
    .port_info 0 /INPUT 1 "clk"
    .port_info 1 /INPUT 8 "a_n_1"
    .port_info 2 /INPUT 8 "b_n_1"
    .port_info 3 /INPUT 8 "c_n_1"
    .port_info 4 /OUTPUT 8 "a_n"
    .port_info 5 /OUTPUT 8 "b_n"
    .port_info 6 /OUTPUT 8 "c_ab"
P_0x55b971158590 .param/l "REG_WIDTH" 0 2 294, +C4<00000000000000000000000000001000>;
v0x55b9711586e0_0 .var "a_n", 7 0;
v0x55b9711587e0_0 .net "a_n_1", 7 0, v0x55b9711579d0_0;  alias, 1 drivers
v0x55b9711588d0_0 .var "b_n", 7 0;
v0x55b9711589a0_0 .net "b_n_1", 7 0, v0x55b971153be0_0;  alias, 1 drivers
v0x55b971158a90_0 .var "c_ab", 7 0;
v0x55b971158ba0_0 .net "c_n_1", 7 0, v0x55b971152e60_0;  alias, 1 drivers
v0x55b971158c60_0 .net "clk", 0 0, L_0x55b97107b550;  alias, 1 drivers
S_0x55b971158e00 .scope generate, "genblk2[2]" "genblk2[2]" 2 202, 2 202 0, S_0x55b971156ed0;
 .timescale 0 0;
P_0x55b971159020 .param/l "column_index" 0 2 202, +C4<010>;
S_0x55b9711590e0 .scope generate, "genblk38" "genblk38" 2 276, 2 276 0, S_0x55b971158e00;
 .timescale 0 0;
S_0x55b9711592b0 .scope module, "element" "PE" 2 280, 2 294 0, S_0x55b9711590e0;
 .timescale 0 0;
    .port_info 0 /INPUT 1 "clk"
    .port_info 1 /INPUT 8 "a_n_1"
    .port_info 2 /INPUT 8 "b_n_1"
    .port_info 3 /INPUT 8 "c_n_1"
    .port_info 4 /OUTPUT 8 "a_n"
    .port_info 5 /OUTPUT 8 "b_n"
    .port_info 6 /OUTPUT 8 "c_ab"
P_0x55b9711594a0 .param/l "REG_WIDTH" 0 2 294, +C4<00000000000000000000000000001000>;
v0x55b971159620_0 .var "a_n", 7 0;
v0x55b971159720_0 .net "a_n_1", 7 0, v0x55b9711586e0_0;  alias, 1 drivers
v0x55b971159810_0 .var "b_n", 7 0;
v0x55b9711598e0_0 .net "b_n_1", 7 0, v0x55b971154b20_0;  alias, 1 drivers
v0x55b9711599d0_0 .var "c_ab", 7 0;
v0x55b971159ae0_0 .net "c_n_1", 7 0, v0x55b971153da0_0;  alias, 1 drivers
v0x55b971159ba0_0 .net "clk", 0 0, L_0x55b97107b550;  alias, 1 drivers
S_0x55b971159d40 .scope generate, "genblk2[3]" "genblk2[3]" 2 202, 2 202 0, S_0x55b971156ed0;
 .timescale 0 0;
P_0x55b971159f30 .param/l "column_index" 0 2 202, +C4<011>;
S_0x55b97115a010 .scope generate, "genblk38" "genblk38" 2 276, 2 276 0, S_0x55b971159d40;
 .timescale 0 0;
S_0x55b97115a1e0 .scope module, "element" "PE" 2 280, 2 294 0, S_0x55b97115a010;
 .timescale 0 0;
    .port_info 0 /INPUT 1 "clk"
    .port_info 1 /INPUT 8 "a_n_1"
    .port_info 2 /INPUT 8 "b_n_1"
    .port_info 3 /INPUT 8 "c_n_1"
    .port_info 4 /OUTPUT 8 "a_n"
    .port_info 5 /OUTPUT 8 "b_n"
    .port_info 6 /OUTPUT 8 "c_ab"
P_0x55b97115a3d0 .param/l "REG_WIDTH" 0 2 294, +C4<00000000000000000000000000001000>;
v0x55b97115a550_0 .var "a_n", 7 0;
v0x55b97115a650_0 .net "a_n_1", 7 0, v0x55b971159620_0;  alias, 1 drivers
v0x55b97115a740_0 .var "b_n", 7 0;
v0x55b97115a810_0 .net "b_n_1", 7 0, v0x55b971155a50_0;  alias, 1 drivers
v0x55b97115a900_0 .var "c_ab", 7 0;
v0x55b97115aa10_0 .net "c_n_1", 7 0, v0x55b971154ce0_0;  alias, 1 drivers
v0x55b97115aad0_0 .net "clk", 0 0, L_0x55b97107b550;  alias, 1 drivers
S_0x55b97115ac70 .scope generate, "genblk2[4]" "genblk2[4]" 2 202, 2 202 0, S_0x55b971156ed0;
 .timescale 0 0;
P_0x55b97115aeb0 .param/l "column_index" 0 2 202, +C4<0100>;
S_0x55b97115af90 .scope generate, "genblk35" "genblk35" 2 273, 2 273 0, S_0x55b97115ac70;
 .timescale 0 0;
S_0x55b97115b160 .scope module, "element" "PE" 2 274, 2 294 0, S_0x55b97115af90;
 .timescale 0 0;
    .port_info 0 /INPUT 1 "clk"
    .port_info 1 /INPUT 8 "a_n_1"
    .port_info 2 /INPUT 8 "b_n_1"
    .port_info 3 /INPUT 8 "c_n_1"
    .port_info 4 /OUTPUT 8 "a_n"
    .port_info 5 /OUTPUT 8 "b_n"
    .port_info 6 /OUTPUT 8 "c_ab"
P_0x55b97115b350 .param/l "REG_WIDTH" 0 2 294, +C4<00000000000000000000000000001000>;
v0x55b97115b4a0_0 .var "a_n", 7 0;
v0x55b97115b5a0_0 .net "a_n_1", 7 0, v0x55b97115a550_0;  alias, 1 drivers
v0x55b97115b690_0 .var "b_n", 7 0;
v0x55b97115b760_0 .net "b_n_1", 7 0, v0x55b9711569a0_0;  alias, 1 drivers
v0x55b97115b850_0 .var "c_ab", 7 0;
v0x55b97115b960_0 .net "c_n_1", 7 0, v0x55b971155c10_0;  alias, 1 drivers
v0x55b97115ba20_0 .net "clk", 0 0, L_0x55b97107b550;  alias, 1 drivers
S_0x55b97115bbc0 .scope generate, "genblk1[4]" "genblk1[4]" 2 201, 2 201 0, S_0x55b97111c450;
 .timescale 0 0;
P_0x55b97115be00 .param/l "row_index" 0 2 201, +C4<0100>;
S_0x55b97115bee0 .scope generate, "genblk2[0]" "genblk2[0]" 2 202, 2 202 0, S_0x55b97115bbc0;
 .timescale 0 0;
P_0x55b97115c0d0 .param/l "column_index" 0 2 202, +C4<00>;
S_0x55b97115c1b0 .scope generate, "genblk26" "genblk26" 2 255, 2 255 0, S_0x55b97115bee0;
 .timescale 0 0;
S_0x55b97115c380 .scope module, "element" "delay_element" 2 256, 2 311 0, S_0x55b97115c1b0;
 .timescale 0 0;
    .port_info 0 /INPUT 1 "clk"
    .port_info 1 /INPUT 8 "a_n_1"
    .port_info 2 /INPUT 8 "b_n_1"
    .port_info 3 /OUTPUT 8 "a_n"
    .port_info 4 /OUTPUT 8 "b_n"
    .port_info 5 /NODIR 0 ""
P_0x55b97115c570 .param/l "REG_WIDTH" 0 2 311, +C4<00000000000000000000000000001000>;
v0x55b97115c6e0_0 .var "a_n", 7 0;
v0x55b97115c7e0_0 .net "a_n_1", 7 0, L_0x55b971166800;  alias, 1 drivers
v0x55b97115c8c0_0 .var "b_n", 7 0;
v0x55b97115c9c0_0 .net "b_n_1", 7 0, o0x7fd625ee4688;  alias, 0 drivers
v0x55b97115ca80_0 .net "clk", 0 0, L_0x55b97107b550;  alias, 1 drivers
S_0x55b97115cc10 .scope generate, "genblk2[1]" "genblk2[1]" 2 202, 2 202 0, S_0x55b97115bbc0;
 .timescale 0 0;
P_0x55b97115ce20 .param/l "column_index" 0 2 202, +C4<01>;
S_0x55b97115cee0 .scope generate, "genblk30" "genblk30" 2 261, 2 261 0, S_0x55b97115cc10;
 .timescale 0 0;
S_0x55b97115d0b0 .scope module, "element" "delay_element" 2 262, 2 311 0, S_0x55b97115cee0;
 .timescale 0 0;
    .port_info 0 /INPUT 1 "clk"
    .port_info 1 /INPUT 8 "a_n_1"
    .port_info 2 /INPUT 8 "b_n_1"
    .port_info 3 /OUTPUT 8 "a_n"
    .port_info 4 /OUTPUT 8 "b_n"
    .port_info 5 /NODIR 0 ""
P_0x55b97115d2a0 .param/l "REG_WIDTH" 0 2 311, +C4<00000000000000000000000000001000>;
v0x55b97115d410_0 .var "a_n", 7 0;
v0x55b97115d510_0 .net "a_n_1", 7 0, v0x55b97115c6e0_0;  alias, 1 drivers
v0x55b97115d600_0 .var "b_n", 7 0;
v0x55b97115d6d0_0 .net "b_n_1", 7 0, v0x55b9711588d0_0;  alias, 1 drivers
v0x55b97115d7c0_0 .net "clk", 0 0, L_0x55b97107b550;  alias, 1 drivers
S_0x55b97115d930 .scope generate, "genblk2[2]" "genblk2[2]" 2 202, 2 202 0, S_0x55b97115bbc0;
 .timescale 0 0;
P_0x55b97115db20 .param/l "column_index" 0 2 202, +C4<010>;
S_0x55b97115dbe0 .scope generate, "genblk37" "genblk37" 2 276, 2 276 0, S_0x55b97115d930;
 .timescale 0 0;
S_0x55b97115ddb0 .scope module, "element" "PE" 2 277, 2 294 0, S_0x55b97115dbe0;
 .timescale 0 0;
    .port_info 0 /INPUT 1 "clk"
    .port_info 1 /INPUT 8 "a_n_1"
    .port_info 2 /INPUT 8 "b_n_1"
    .port_info 3 /INPUT 8 "c_n_1"
    .port_info 4 /OUTPUT 8 "a_n"
    .port_info 5 /OUTPUT 8 "b_n"
    .port_info 6 /OUTPUT 8 "c_ab"
P_0x55b97115dfa0 .param/l "REG_WIDTH" 0 2 294, +C4<00000000000000000000000000001000>;
v0x55b97115e120_0 .var "a_n", 7 0;
v0x55b97115e220_0 .net "a_n_1", 7 0, v0x55b97115d410_0;  alias, 1 drivers
v0x55b97115e310_0 .var "b_n", 7 0;
v0x55b97115e3e0_0 .net "b_n_1", 7 0, v0x55b971159810_0;  alias, 1 drivers
v0x55b97115e4d0_0 .var "c_ab", 7 0;
v0x55b97115e5e0_0 .net "c_n_1", 7 0, v0x55b971158a90_0;  alias, 1 drivers
v0x55b97115e6a0_0 .net "clk", 0 0, L_0x55b97107b550;  alias, 1 drivers
S_0x55b97115e840 .scope generate, "genblk2[3]" "genblk2[3]" 2 202, 2 202 0, S_0x55b97115bbc0;
 .timescale 0 0;
P_0x55b97115ea30 .param/l "column_index" 0 2 202, +C4<011>;
S_0x55b97115eb10 .scope generate, "genblk37" "genblk37" 2 276, 2 276 0, S_0x55b97115e840;
 .timescale 0 0;
S_0x55b97115ece0 .scope module, "element" "PE" 2 277, 2 294 0, S_0x55b97115eb10;
 .timescale 0 0;
    .port_info 0 /INPUT 1 "clk"
    .port_info 1 /INPUT 8 "a_n_1"
    .port_info 2 /INPUT 8 "b_n_1"
    .port_info 3 /INPUT 8 "c_n_1"
    .port_info 4 /OUTPUT 8 "a_n"
    .port_info 5 /OUTPUT 8 "b_n"
    .port_info 6 /OUTPUT 8 "c_ab"
P_0x55b97115eed0 .param/l "REG_WIDTH" 0 2 294, +C4<00000000000000000000000000001000>;
v0x55b97115f050_0 .var "a_n", 7 0;
v0x55b97115f150_0 .net "a_n_1", 7 0, v0x55b97115e120_0;  alias, 1 drivers
v0x55b97115f240_0 .var "b_n", 7 0;
v0x55b97115f310_0 .net "b_n_1", 7 0, v0x55b97115a740_0;  alias, 1 drivers
v0x55b97115f400_0 .var "c_ab", 7 0;
v0x55b97115f510_0 .net "c_n_1", 7 0, v0x55b9711599d0_0;  alias, 1 drivers
v0x55b97115f5d0_0 .net "clk", 0 0, L_0x55b97107b550;  alias, 1 drivers
S_0x55b97115f770 .scope generate, "genblk2[4]" "genblk2[4]" 2 202, 2 202 0, S_0x55b97115bbc0;
 .timescale 0 0;
P_0x55b97115f9b0 .param/l "column_index" 0 2 202, +C4<0100>;
S_0x55b97115fa90 .scope generate, "genblk33" "genblk33" 2 270, 2 270 0, S_0x55b97115f770;
 .timescale 0 0;
S_0x55b97115fc60 .scope module, "element" "PE" 2 271, 2 294 0, S_0x55b97115fa90;
 .timescale 0 0;
    .port_info 0 /INPUT 1 "clk"
    .port_info 1 /INPUT 8 "a_n_1"
    .port_info 2 /INPUT 8 "b_n_1"
    .port_info 3 /INPUT 8 "c_n_1"
    .port_info 4 /OUTPUT 8 "a_n"
    .port_info 5 /OUTPUT 8 "b_n"
    .port_info 6 /OUTPUT 8 "c_ab"
P_0x55b97115fe50 .param/l "REG_WIDTH" 0 2 294, +C4<00000000000000000000000000001000>;
v0x55b97115ffa0_0 .var "a_n", 7 0;
v0x55b9711600a0_0 .net "a_n_1", 7 0, v0x55b97115f050_0;  alias, 1 drivers
v0x55b971160190_0 .var "b_n", 7 0;
v0x55b971160260_0 .net "b_n_1", 7 0, v0x55b97115b690_0;  alias, 1 drivers
v0x55b971160350_0 .var "c_ab", 7 0;
v0x55b971160460_0 .net "c_n_1", 7 0, v0x55b97115a900_0;  alias, 1 drivers
v0x55b971160520_0 .net "clk", 0 0, L_0x55b97107b550;  alias, 1 drivers
    .scope S_0x55b97112d980;
T_0 ;
    %wait E_0x55b9710e4c50;
    %load/vec4 v0x55b9710e7250_0;
    %assign/vec4 v0x55b971110580_0, 0;
    %load/vec4 v0x55b97110db40_0;
    %assign/vec4 v0x55b97110e030_0, 0;
    %load/vec4 v0x55b9710e7250_0;
    %load/vec4 v0x55b97110db40_0;
    %mul;
    %load/vec4 v0x55b97110d280_0;
    %add;
    %assign/vec4 v0x55b97110d6e0_0, 0;
    %jmp T_0;
    .thread T_0;
    .scope S_0x55b971149ef0;
T_1 ;
    %wait E_0x55b9710e4c50;
    %load/vec4 v0x55b97114a330_0;
    %assign/vec4 v0x55b97114a230_0, 0;
    %load/vec4 v0x55b97114a4f0_0;
    %assign/vec4 v0x55b97114a420_0, 0;
    %load/vec4 v0x55b97114a330_0;
    %load/vec4 v0x55b97114a4f0_0;
    %mul;
    %load/vec4 v0x55b97114a700_0;
    %add;
    %assign/vec4 v0x55b97114a5d0_0, 0;
    %jmp T_1;
    .thread T_1;
    .scope S_0x55b97114adf0;
T_2 ;
    %wait E_0x55b9710e4c50;
    %load/vec4 v0x55b97114b260_0;
    %assign/vec4 v0x55b97114b160_0, 0;
    %load/vec4 v0x55b97114b420_0;
    %assign/vec4 v0x55b97114b350_0, 0;
    %load/vec4 v0x55b97114b260_0;
    %load/vec4 v0x55b97114b420_0;
    %mul;
    %load/vec4 v0x55b97114b630_0;
    %add;
    %assign/vec4 v0x55b97114b500_0, 0;
    %jmp T_2;
    .thread T_2;
    .scope S_0x55b97114bd80;
T_3 ;
    %wait E_0x55b9710e4c50;
    %load/vec4 v0x55b97114c1b0_0;
    %assign/vec4 v0x55b97114c0b0_0, 0;
    %load/vec4 v0x55b97114c370_0;
    %assign/vec4 v0x55b97114c2a0_0, 0;
    %jmp T_3;
    .thread T_3;
    .scope S_0x55b97114cad0;
T_4 ;
    %wait E_0x55b9710e4c50;
    %load/vec4 v0x55b97114cf00_0;
    %assign/vec4 v0x55b97114ce00_0, 0;
    %load/vec4 v0x55b97114d0c0_0;
    %assign/vec4 v0x55b97114cff0_0, 0;
    %jmp T_4;
    .thread T_4;
    .scope S_0x55b97114da50;
T_5 ;
    %wait E_0x55b9710e4c50;
    %load/vec4 v0x55b97114de90_0;
    %assign/vec4 v0x55b97114dd90_0, 0;
    %load/vec4 v0x55b97114e060_0;
    %assign/vec4 v0x55b97114df70_0, 0;
    %load/vec4 v0x55b97114de90_0;
    %load/vec4 v0x55b97114e060_0;
    %mul;
    %load/vec4 v0x55b97114e260_0;
    %add;
    %assign/vec4 v0x55b97114e150_0, 0;
    %jmp T_5;
    .thread T_5;
    .scope S_0x55b97114e9a0;
T_6 ;
    %wait E_0x55b9710e4c50;
    %load/vec4 v0x55b97114ede0_0;
    %assign/vec4 v0x55b97114ece0_0, 0;
    %load/vec4 v0x55b97114efa0_0;
    %assign/vec4 v0x55b97114eed0_0, 0;
    %load/vec4 v0x55b97114ede0_0;
    %load/vec4 v0x55b97114efa0_0;
    %mul;
    %load/vec4 v0x55b97114f1a0_0;
    %add;
    %assign/vec4 v0x55b97114f090_0, 0;
    %jmp T_6;
    .thread T_6;
    .scope S_0x55b97114f8b0;
T_7 ;
    %wait E_0x55b9710e4c50;
    %load/vec4 v0x55b97114fd20_0;
    %assign/vec4 v0x55b97114fc20_0, 0;
    %load/vec4 v0x55b97114fee0_0;
    %assign/vec4 v0x55b97114fe10_0, 0;
    %load/vec4 v0x55b97114fd20_0;
    %load/vec4 v0x55b97114fee0_0;
    %mul;
    %load/vec4 v0x55b9711500e0_0;
    %add;
    %assign/vec4 v0x55b97114ffd0_0, 0;
    %jmp T_7;
    .thread T_7;
    .scope S_0x55b9711507e0;
T_8 ;
    %wait E_0x55b9710e4c50;
    %load/vec4 v0x55b971150c50_0;
    %assign/vec4 v0x55b971150b50_0, 0;
    %load/vec4 v0x55b971150e10_0;
    %assign/vec4 v0x55b971150d40_0, 0;
    %load/vec4 v0x55b971150c50_0;
    %load/vec4 v0x55b971150e10_0;
    %mul;
    %load/vec4 v0x55b971151010_0;
    %add;
    %assign/vec4 v0x55b971150f00_0, 0;
    %jmp T_8;
    .thread T_8;
    .scope S_0x55b971151760;
T_9 ;
    %wait E_0x55b9710e4c50;
    %load/vec4 v0x55b971151bc0_0;
    %assign/vec4 v0x55b971151ac0_0, 0;
    %load/vec4 v0x55b971151d80_0;
    %assign/vec4 v0x55b971151cb0_0, 0;
    %jmp T_9;
    .thread T_9;
    .scope S_0x55b971152730;
T_10 ;
    %wait E_0x55b9710e4c50;
    %load/vec4 v0x55b971152ba0_0;
    %assign/vec4 v0x55b971152aa0_0, 0;
    %load/vec4 v0x55b971152d70_0;
    %assign/vec4 v0x55b971152c80_0, 0;
    %load/vec4 v0x55b971152ba0_0;
    %load/vec4 v0x55b971152d70_0;
    %mul;
    %load/vec4 v0x55b971152f70_0;
    %add;
    %assign/vec4 v0x55b971152e60_0, 0;
    %jmp T_10;
    .thread T_10;
    .scope S_0x55b9711536b0;
T_11 ;
    %wait E_0x55b9710e4c50;
    %load/vec4 v0x55b971153af0_0;
    %assign/vec4 v0x55b9711539f0_0, 0;
    %load/vec4 v0x55b971153cb0_0;
    %assign/vec4 v0x55b971153be0_0, 0;
    %load/vec4 v0x55b971153af0_0;
    %load/vec4 v0x55b971153cb0_0;
    %mul;
    %load/vec4 v0x55b971153eb0_0;
    %add;
    %assign/vec4 v0x55b971153da0_0, 0;
    %jmp T_11;
    .thread T_11;
    .scope S_0x55b9711545c0;
T_12 ;
    %wait E_0x55b9710e4c50;
    %load/vec4 v0x55b971154a30_0;
    %assign/vec4 v0x55b971154930_0, 0;
    %load/vec4 v0x55b971154bf0_0;
    %assign/vec4 v0x55b971154b20_0, 0;
    %load/vec4 v0x55b971154a30_0;
    %load/vec4 v0x55b971154bf0_0;
    %mul;
    %load/vec4 v0x55b971154df0_0;
    %add;
    %assign/vec4 v0x55b971154ce0_0, 0;
    %jmp T_12;
    .thread T_12;
    .scope S_0x55b9711554f0;
T_13 ;
    %wait E_0x55b9710e4c50;
    %load/vec4 v0x55b971155960_0;
    %assign/vec4 v0x55b971155860_0, 0;
    %load/vec4 v0x55b971155b20_0;
    %assign/vec4 v0x55b971155a50_0, 0;
    %load/vec4 v0x55b971155960_0;
    %load/vec4 v0x55b971155b20_0;
    %mul;
    %load/vec4 v0x55b971155d20_0;
    %add;
    %assign/vec4 v0x55b971155c10_0, 0;
    %jmp T_13;
    .thread T_13;
    .scope S_0x55b971156470;
T_14 ;
    %wait E_0x55b9710e4c50;
    %load/vec4 v0x55b9711568b0_0;
    %assign/vec4 v0x55b9711567b0_0, 0;
    %load/vec4 v0x55b971156a70_0;
    %assign/vec4 v0x55b9711569a0_0, 0;
    %load/vec4 v0x55b9711568b0_0;
    %load/vec4 v0x55b971156a70_0;
    %mul;
    %load/vec4 v0x55b971156c70_0;
    %add;
    %assign/vec4 v0x55b971156b60_0, 0;
    %jmp T_14;
    .thread T_14;
    .scope S_0x55b971157640;
T_15 ;
    %wait E_0x55b9710e4c50;
    %load/vec4 v0x55b971157ad0_0;
    %assign/vec4 v0x55b9711579d0_0, 0;
    %load/vec4 v0x55b971157ca0_0;
    %assign/vec4 v0x55b971157bb0_0, 0;
    %jmp T_15;
    .thread T_15;
    .scope S_0x55b9711583a0;
T_16 ;
    %wait E_0x55b9710e4c50;
    %load/vec4 v0x55b9711587e0_0;
    %assign/vec4 v0x55b9711586e0_0, 0;
    %load/vec4 v0x55b9711589a0_0;
    %assign/vec4 v0x55b9711588d0_0, 0;
    %load/vec4 v0x55b9711587e0_0;
    %load/vec4 v0x55b9711589a0_0;
    %mul;
    %load/vec4 v0x55b971158ba0_0;
    %add;
    %assign/vec4 v0x55b971158a90_0, 0;
    %jmp T_16;
    .thread T_16;
    .scope S_0x55b9711592b0;
T_17 ;
    %wait E_0x55b9710e4c50;
    %load/vec4 v0x55b971159720_0;
    %assign/vec4 v0x55b971159620_0, 0;
    %load/vec4 v0x55b9711598e0_0;
    %assign/vec4 v0x55b971159810_0, 0;
    %load/vec4 v0x55b971159720_0;
    %load/vec4 v0x55b9711598e0_0;
    %mul;
    %load/vec4 v0x55b971159ae0_0;
    %add;
    %assign/vec4 v0x55b9711599d0_0, 0;
    %jmp T_17;
    .thread T_17;
    .scope S_0x55b97115a1e0;
T_18 ;
    %wait E_0x55b9710e4c50;
    %load/vec4 v0x55b97115a650_0;
    %assign/vec4 v0x55b97115a550_0, 0;
    %load/vec4 v0x55b97115a810_0;
    %assign/vec4 v0x55b97115a740_0, 0;
    %load/vec4 v0x55b97115a650_0;
    %load/vec4 v0x55b97115a810_0;
    %mul;
    %load/vec4 v0x55b97115aa10_0;
    %add;
    %assign/vec4 v0x55b97115a900_0, 0;
    %jmp T_18;
    .thread T_18;
    .scope S_0x55b97115b160;
T_19 ;
    %wait E_0x55b9710e4c50;
    %load/vec4 v0x55b97115b5a0_0;
    %assign/vec4 v0x55b97115b4a0_0, 0;
    %load/vec4 v0x55b97115b760_0;
    %assign/vec4 v0x55b97115b690_0, 0;
    %load/vec4 v0x55b97115b5a0_0;
    %load/vec4 v0x55b97115b760_0;
    %mul;
    %load/vec4 v0x55b97115b960_0;
    %add;
    %assign/vec4 v0x55b97115b850_0, 0;
    %jmp T_19;
    .thread T_19;
    .scope S_0x55b97115c380;
T_20 ;
    %wait E_0x55b9710e4c50;
    %load/vec4 v0x55b97115c7e0_0;
    %assign/vec4 v0x55b97115c6e0_0, 0;
    %load/vec4 v0x55b97115c9c0_0;
    %assign/vec4 v0x55b97115c8c0_0, 0;
    %jmp T_20;
    .thread T_20;
    .scope S_0x55b97115d0b0;
T_21 ;
    %wait E_0x55b9710e4c50;
    %load/vec4 v0x55b97115d510_0;
    %assign/vec4 v0x55b97115d410_0, 0;
    %load/vec4 v0x55b97115d6d0_0;
    %assign/vec4 v0x55b97115d600_0, 0;
    %jmp T_21;
    .thread T_21;
    .scope S_0x55b97115ddb0;
T_22 ;
    %wait E_0x55b9710e4c50;
    %load/vec4 v0x55b97115e220_0;
    %assign/vec4 v0x55b97115e120_0, 0;
    %load/vec4 v0x55b97115e3e0_0;
    %assign/vec4 v0x55b97115e310_0, 0;
    %load/vec4 v0x55b97115e220_0;
    %load/vec4 v0x55b97115e3e0_0;
    %mul;
    %load/vec4 v0x55b97115e5e0_0;
    %add;
    %assign/vec4 v0x55b97115e4d0_0, 0;
    %jmp T_22;
    .thread T_22;
    .scope S_0x55b97115ece0;
T_23 ;
    %wait E_0x55b9710e4c50;
    %load/vec4 v0x55b97115f150_0;
    %assign/vec4 v0x55b97115f050_0, 0;
    %load/vec4 v0x55b97115f310_0;
    %assign/vec4 v0x55b97115f240_0, 0;
    %load/vec4 v0x55b97115f150_0;
    %load/vec4 v0x55b97115f310_0;
    %mul;
    %load/vec4 v0x55b97115f510_0;
    %add;
    %assign/vec4 v0x55b97115f400_0, 0;
    %jmp T_23;
    .thread T_23;
    .scope S_0x55b97115fc60;
T_24 ;
    %wait E_0x55b9710e4c50;
    %load/vec4 v0x55b9711600a0_0;
    %assign/vec4 v0x55b97115ffa0_0, 0;
    %load/vec4 v0x55b971160260_0;
    %assign/vec4 v0x55b971160190_0, 0;
    %load/vec4 v0x55b9711600a0_0;
    %load/vec4 v0x55b971160260_0;
    %mul;
    %load/vec4 v0x55b971160460_0;
    %add;
    %assign/vec4 v0x55b971160350_0, 0;
    %jmp T_24;
    .thread T_24;
# The file index is used to find the file name in the following table.
:file_names 3;
    "N/A";
    "<interactive>";
    "user_proj_example.v";
