"polygons" in: met_min_ca_density.lydrc:35
    Polygons (raw): 261284 (flat)  12232 (hierarchical)
    Elapsed: 0.040s  Memory: 591.00M
"polygons" in: met_min_ca_density.lydrc:36
    Polygons (raw): 1239835 (flat)  11945 (hierarchical)
    Elapsed: 0.030s  Memory: 591.00M
"polygons" in: met_min_ca_density.lydrc:38
    Polygons (raw): 377033 (flat)  48418 (hierarchical)
    Elapsed: 0.040s  Memory: 592.00M
"polygons" in: met_min_ca_density.lydrc:39
    Polygons (raw): 20717 (flat)  20717 (hierarchical)
    Elapsed: 0.030s  Memory: 592.00M
"polygons" in: met_min_ca_density.lydrc:41
    Polygons (raw): 25152 (flat)  25152 (hierarchical)
    Elapsed: 0.030s  Memory: 592.00M
"polygons" in: met_min_ca_density.lydrc:42
    Polygons (raw): 7663 (flat)  7663 (hierarchical)
    Elapsed: 0.030s  Memory: 592.00M
"polygons" in: met_min_ca_density.lydrc:44
    Polygons (raw): 2877 (flat)  2877 (hierarchical)
    Elapsed: 0.030s  Memory: 592.00M
"polygons" in: met_min_ca_density.lydrc:45
    Polygons (raw): 7500 (flat)  7500 (hierarchical)
    Elapsed: 0.020s  Memory: 592.00M
"polygons" in: met_min_ca_density.lydrc:47
    Polygons (raw): 528 (flat)  528 (hierarchical)
    Elapsed: 0.020s  Memory: 592.00M
"polygons" in: met_min_ca_density.lydrc:48
    Polygons (raw): 0 (flat)  0 (hierarchical)
    Elapsed: 0.010s  Memory: 592.00M
"polygons" in: met_min_ca_density.lydrc:49
    Polygons (raw): 11864 (flat)  11864 (hierarchical)
    Elapsed: 0.010s  Memory: 592.00M
"polygons" in: met_min_ca_density.lydrc:51
    Polygons (raw): 344 (flat)  344 (hierarchical)
    Elapsed: 0.000s  Memory: 592.00M
"input" in: met_min_ca_density.lydrc:53
    Polygons (raw): 2 (flat)  2 (hierarchical)
    Elapsed: 0.030s  Memory: 592.00M
"area" in: met_min_ca_density.lydrc:55
    Elapsed: 0.030s  Memory: 599.00M
"polygons" in: met_min_ca_density.lydrc:59
    Polygons (raw): 261284 (flat)  12232 (hierarchical)
    Elapsed: 0.030s  Memory: 599.00M
"area" in: met_min_ca_density.lydrc:59
    Elapsed: 2.520s  Memory: 649.00M
li1_ca_density is 0.9354562383688123
"polygons" in: met_min_ca_density.lydrc:69
    Polygons (raw): 377033 (flat)  48418 (hierarchical)
    Elapsed: 0.040s  Memory: 649.00M
"area" in: met_min_ca_density.lydrc:69
    Elapsed: 2.340s  Memory: 652.00M
m1_ca_density is 0.9800400775290902
"polygons" in: met_min_ca_density.lydrc:79
    Polygons (raw): 25152 (flat)  25152 (hierarchical)
    Elapsed: 0.030s  Memory: 652.00M
"area" in: met_min_ca_density.lydrc:79
    Elapsed: 0.140s  Memory: 655.00M
m2_ca_density is 0.9855844000525373
"polygons" in: met_min_ca_density.lydrc:89
    Polygons (raw): 2877 (flat)  2877 (hierarchical)
    Elapsed: 0.030s  Memory: 655.00M
"area" in: met_min_ca_density.lydrc:89
    Elapsed: 0.050s  Memory: 655.00M
m3_ca_density is 0.9980367754879164
"polygons" in: met_min_ca_density.lydrc:99
    Polygons (raw): 528 (flat)  528 (hierarchical)
    Elapsed: 0.020s  Memory: 655.00M
"area" in: met_min_ca_density.lydrc:99
    Elapsed: 0.030s  Memory: 655.00M
m4_ca_density is 0.8516594524439601
"polygons" in: met_min_ca_density.lydrc:109
    Polygons (raw): 344 (flat)  344 (hierarchical)
    Elapsed: 0.000s  Memory: 655.00M
"area" in: met_min_ca_density.lydrc:109
    Elapsed: 0.030s  Memory: 655.00M
m5_ca_density is 0.8455329452054794
Writing report database: /home/iiitb/Documents/Veerendra/caravel_user_project/precheck_results/19_MAR_2022___13_49_26/outputs/reports/klayout_met_min_ca_density_check.xml ..
Total elapsed: 6.020s  Memory: 655.00M
